<?xml version="1.0" encoding="UTF-8"?>
<coverage generated="1787117451064" clover="3.2.0">
  <project timestamp="1787117451064" name="All files">
    <metrics statements="605" coveredstatements="569" conditionals="208" coveredconditionals="174" methods="41" coveredmethods="38" elements="854" coveredelements="781" complexity="0" loc="605" ncloc="605" packages="1" files="9" classes="9"/>
    <file name="app.ts" path="C:\Users\s.jumamuratov\Projects\mafsar\server\src\app.ts">
      <metrics statements="96" coveredstatements="94" conditionals="34" coveredconditionals="30" methods="1" coveredmethods="1"/>
      <line num="1" count="1" type="stmt"/>
      <line num="13" count="1" type="cond" truecount="1" falsecount="0"/>
      <line num="14" count="42" type="stmt"/>
      <line num="17" count="42" type="stmt"/>
      <line num="20" count="42" type="stmt"/>
      <line num="22" count="42" type="cond" truecount="1" falsecount="0"/>
      <line num="24" count="43" type="cond" truecount="2" falsecount="0"/>
      <line num="25" count="32" type="stmt"/>
      <line num="26" count="42" type="stmt"/>
      <line num="28" count="42" type="cond" truecount="1" falsecount="0"/>
      <line num="29" count="5" type="stmt"/>
      <line num="30" count="5" type="cond" truecount="1" falsecount="0"/>
      <line num="31" count="3" type="stmt"/>
      <line num="32" count="3" type="cond" truecount="1" falsecount="0"/>
      <line num="36" count="2" type="stmt"/>
      <line num="37" count="2" type="stmt"/>
      <line num="38" count="2" type="cond" truecount="0" falsecount="1"/>
      <line num="39" count="2" type="cond" truecount="0" falsecount="1"/>
      <line num="40" count="0" type="stmt"/>
      <line num="41" count="0" type="stmt"/>
      <line num="42" count="42" type="stmt"/>
      <line num="44" count="42" type="cond" truecount="1" falsecount="0"/>
      <line num="45" count="6" type="stmt"/>
      <line num="46" count="6" type="cond" truecount="1" falsecount="0"/>
      <line num="47" count="6" type="cond" truecount="2" falsecount="0"/>
      <line num="48" count="4" type="stmt"/>
      <line num="49" count="4" type="stmt"/>
      <line num="50" count="4" type="stmt"/>
      <line num="51" count="4" type="stmt"/>
      <line num="52" count="4" type="stmt"/>
      <line num="53" count="42" type="stmt"/>
      <line num="55" count="42" type="cond" truecount="1" falsecount="0"/>
      <line num="56" count="2" type="stmt"/>
      <line num="57" count="2" type="stmt"/>
      <line num="58" count="2" type="cond" truecount="1" falsecount="0"/>
      <line num="59" count="1" type="stmt"/>
      <line num="60" count="1" type="stmt"/>
      <line num="61" count="1" type="stmt"/>
      <line num="62" count="1" type="stmt"/>
      <line num="63" count="1" type="stmt"/>
      <line num="64" count="42" type="stmt"/>
      <line num="66" count="42" type="cond" truecount="1" falsecount="0"/>
      <line num="67" count="3" type="stmt"/>
      <line num="68" count="3" type="cond" truecount="0" falsecount="1"/>
      <line num="69" count="3" type="stmt"/>
      <line num="70" count="3" type="stmt"/>
      <line num="71" count="3" type="cond" truecount="1" falsecount="0"/>
      <line num="72" count="2" type="cond" truecount="1" falsecount="0"/>
      <line num="73" count="1" type="stmt"/>
      <line num="74" count="2" type="stmt"/>
      <line num="75" count="2" type="stmt"/>
      <line num="76" count="2" type="stmt"/>
      <line num="77" count="42" type="stmt"/>
      <line num="79" count="42" type="cond" truecount="1" falsecount="0"/>
      <line num="80" count="3" type="stmt"/>
      <line num="81" count="3" type="stmt"/>
      <line num="82" count="3" type="stmt"/>
      <line num="83" count="3" type="stmt"/>
      <line num="84" count="3" type="cond" truecount="0" falsecount="1"/>
      <line num="85" count="3" type="stmt"/>
      <line num="86" count="42" type="stmt"/>
      <line num="88" count="42" type="cond" truecount="1" falsecount="0"/>
      <line num="89" count="8" type="stmt"/>
      <line num="90" count="8" type="cond" truecount="1" falsecount="0"/>
      <line num="91" count="8" type="cond" truecount="1" falsecount="0"/>
      <line num="92" count="7" type="stmt"/>
      <line num="93" count="7" type="stmt"/>
      <line num="94" count="42" type="stmt"/>
      <line num="97" count="42" type="cond" truecount="1" falsecount="0"/>
      <line num="98" count="2" type="stmt"/>
      <line num="99" count="2" type="cond" truecount="1" falsecount="0"/>
      <line num="100" count="1" type="stmt"/>
      <line num="101" count="42" type="stmt"/>
      <line num="103" count="42" type="cond" truecount="1" falsecount="0"/>
      <line num="104" count="3" type="stmt"/>
      <line num="105" count="3" type="cond" truecount="1" falsecount="0"/>
      <line num="106" count="42" type="stmt"/>
      <line num="108" count="42" type="cond" truecount="1" falsecount="0"/>
      <line num="109" count="1" type="stmt"/>
      <line num="110" count="1" type="stmt"/>
      <line num="111" count="42" type="stmt"/>
      <line num="113" count="42" type="cond" truecount="1" falsecount="0"/>
      <line num="114" count="1" type="stmt"/>
      <line num="115" count="1" type="stmt"/>
      <line num="116" count="42" type="stmt"/>
      <line num="118" count="42" type="cond" truecount="1" falsecount="0"/>
      <line num="119" count="1" type="stmt"/>
      <line num="120" count="1" type="stmt"/>
      <line num="121" count="42" type="stmt"/>
      <line num="124" count="42" type="cond" truecount="1" falsecount="0"/>
      <line num="125" count="42" type="stmt"/>
      <line num="128" count="42" type="cond" truecount="1" falsecount="0"/>
      <line num="129" count="42" type="stmt"/>
      <line num="133" count="42" type="cond" truecount="1" falsecount="0"/>
      <line num="135" count="42" type="stmt"/>
      <line num="136" count="42" type="stmt"/>
    </file>
    <file name="auth.ts" path="C:\Users\s.jumamuratov\Projects\mafsar\server\src\auth.ts">
      <metrics statements="70" coveredstatements="66" conditionals="31" coveredconditionals="27" methods="8" coveredmethods="8"/>
      <line num="1" count="1" type="stmt"/>
      <line num="7" count="1" type="stmt"/>
      <line num="8" count="1" type="stmt"/>
      <line num="10" count="1" type="cond" truecount="1" falsecount="0"/>
      <line num="11" count="100" type="stmt"/>
      <line num="12" count="100" type="cond" truecount="0" falsecount="2"/>
      <line num="13" count="0" type="stmt"/>
      <line num="14" count="0" type="stmt"/>
      <line num="15" count="100" type="cond" truecount="0" falsecount="2"/>
      <line num="16" count="0" type="stmt"/>
      <line num="17" count="0" type="stmt"/>
      <line num="19" count="66" type="cond" truecount="1" falsecount="0"/>
      <line num="20" count="66" type="stmt"/>
      <line num="21" count="66" type="stmt"/>
      <line num="22" count="66" type="stmt"/>
      <line num="23" count="66" type="stmt"/>
      <line num="24" count="66" type="stmt"/>
      <line num="25" count="66" type="stmt"/>
      <line num="27" count="1" type="cond" truecount="1" falsecount="0"/>
      <line num="28" count="46" type="stmt"/>
      <line num="30" count="1" type="cond" truecount="1" falsecount="0"/>
      <line num="31" count="20" type="stmt"/>
      <line num="33" count="73" type="cond" truecount="1" falsecount="0"/>
      <line num="34" count="73" type="stmt"/>
      <line num="35" count="73" type="stmt"/>
      <line num="36" count="1" type="stmt"/>
      <line num="39" count="1" type="cond" truecount="1" falsecount="0"/>
      <line num="40" count="37" type="cond" truecount="1" falsecount="0"/>
      <line num="41" count="37" type="cond" truecount="1" falsecount="0"/>
      <line num="42" count="37" type="cond" truecount="2" falsecount="0"/>
      <line num="43" count="37" type="cond" truecount="3" falsecount="0"/>
      <line num="44" count="27" type="stmt"/>
      <line num="45" count="27" type="cond" truecount="1" falsecount="0"/>
      <line num="46" count="37" type="cond" truecount="3" falsecount="0"/>
      <line num="47" count="22" type="stmt"/>
      <line num="48" count="37" type="cond" truecount="1" falsecount="0"/>
      <line num="49" count="5" type="stmt"/>
      <line num="50" count="5" type="cond" truecount="1" falsecount="0"/>
      <line num="51" count="22" type="stmt"/>
      <line num="52" count="37" type="stmt"/>
      <line num="53" count="37" type="stmt"/>
      <line num="56" count="76" type="cond" truecount="1" falsecount="0"/>
      <line num="57" count="76" type="stmt"/>
      <line num="58" count="76" type="cond" truecount="1" falsecount="0"/>
      <line num="59" count="3" type="stmt"/>
      <line num="60" count="3" type="cond" truecount="1" falsecount="0"/>
      <line num="61" count="73" type="stmt"/>
      <line num="62" count="73" type="stmt"/>
      <line num="63" count="73" type="stmt"/>
      <line num="64" count="73" type="stmt"/>
      <line num="65" count="73" type="stmt"/>
      <line num="66" count="73" type="stmt"/>
      <line num="67" count="73" type="stmt"/>
      <line num="68" count="73" type="stmt"/>
      <line num="69" count="73" type="stmt"/>
      <line num="70" count="73" type="stmt"/>
      <line num="71" count="73" type="stmt"/>
      <line num="72" count="73" type="stmt"/>
      <line num="73" count="73" type="stmt"/>
      <line num="76" count="9" type="cond" truecount="1" falsecount="0"/>
      <line num="77" count="9" type="stmt"/>
      <line num="78" count="9" type="stmt"/>
      <line num="79" count="9" type="stmt"/>
      <line num="80" count="9" type="stmt"/>
      <line num="81" count="9" type="stmt"/>
      <line num="82" count="9" type="cond" truecount="3" falsecount="0"/>
      <line num="83" count="4" type="stmt"/>
      <line num="84" count="4" type="cond" truecount="1" falsecount="0"/>
      <line num="85" count="5" type="stmt"/>
      <line num="86" count="5" type="stmt"/>
    </file>
    <file name="db.ts" path="C:\Users\s.jumamuratov\Projects\mafsar\server\src\db.ts">
      <metrics statements="48" coveredstatements="48" conditionals="16" coveredconditionals="13" methods="7" coveredmethods="7"/>
      <line num="1" count="1" type="stmt"/>
      <line num="9" count="1" type="cond" truecount="1" falsecount="0"/>
      <line num="10" count="81" type="stmt"/>
      <line num="11" count="81" type="cond" truecount="0" falsecount="2"/>
      <line num="12" count="81" type="stmt"/>
      <line num="13" count="81" type="stmt"/>
      <line num="14" count="81" type="stmt"/>
      <line num="17" count="130" type="cond" truecount="1" falsecount="0"/>
      <line num="18" count="130" type="stmt"/>
      <line num="19" count="130" type="stmt"/>
      <line num="20" count="130" type="stmt"/>
      <line num="21" count="196" type="cond" truecount="1" falsecount="0"/>
      <line num="22" count="196" type="stmt"/>
      <line num="23" count="196" type="stmt"/>
      <line num="24" count="196" type="stmt"/>
      <line num="25" count="143" type="cond" truecount="1" falsecount="0"/>
      <line num="26" count="143" type="cond" truecount="1" falsecount="0"/>
      <line num="27" count="143" type="cond" truecount="0" falsecount="1"/>
      <line num="28" count="143" type="stmt"/>
      <line num="33" count="1" type="stmt"/>
      <line num="34" count="1" type="stmt"/>
      <line num="43" count="1" type="stmt"/>
      <line num="58" count="1" type="stmt"/>
      <line num="74" count="1" type="stmt"/>
      <line num="88" count="1" type="stmt"/>
      <line num="96" count="1" type="stmt"/>
      <line num="108" count="1" type="stmt"/>
      <line num="110" count="82" type="cond" truecount="1" falsecount="0"/>
      <line num="111" count="82" type="stmt"/>
      <line num="112" count="82" type="stmt"/>
      <line num="113" count="82" type="stmt"/>
      <line num="114" count="82" type="stmt"/>
      <line num="115" count="82" type="cond" truecount="1" falsecount="0"/>
      <line num="116" count="82" type="cond" truecount="1" falsecount="0"/>
      <line num="117" count="492" type="stmt"/>
      <line num="118" count="492" type="cond" truecount="2" falsecount="0"/>
      <line num="119" count="486" type="cond" truecount="1" falsecount="0"/>
      <line num="120" count="486" type="stmt"/>
      <line num="121" count="486" type="stmt"/>
      <line num="124" count="486" type="stmt"/>
      <line num="125" count="486" type="stmt"/>
      <line num="126" count="486" type="stmt"/>
      <line num="127" count="486" type="stmt"/>
      <line num="128" count="486" type="stmt"/>
      <line num="129" count="486" type="stmt"/>
      <line num="130" count="492" type="stmt"/>
      <line num="132" count="1" type="cond" truecount="1" falsecount="0"/>
      <line num="133" count="1" type="cond" truecount="1" falsecount="0"/>
    </file>
    <file name="index.ts" path="C:\Users\s.jumamuratov\Projects\mafsar\server\src\index.ts">
      <metrics statements="17" coveredstatements="0" conditionals="1" coveredconditionals="0" methods="1" coveredmethods="0"/>
      <line num="1" count="0" type="cond" truecount="0" falsecount="1"/>
      <line num="2" count="0" type="stmt"/>
      <line num="3" count="0" type="stmt"/>
      <line num="4" count="0" type="stmt"/>
      <line num="7" count="0" type="stmt"/>
      <line num="8" count="0" type="stmt"/>
      <line num="9" count="0" type="stmt"/>
      <line num="10" count="0" type="stmt"/>
      <line num="11" count="0" type="stmt"/>
      <line num="12" count="0" type="stmt"/>
      <line num="14" count="0" type="stmt"/>
      <line num="15" count="0" type="stmt"/>
      <line num="16" count="0" type="stmt"/>
      <line num="18" count="0" type="stmt"/>
      <line num="19" count="0" type="stmt"/>
      <line num="20" count="0" type="stmt"/>
      <line num="21" count="0" type="stmt"/>
    </file>
    <file name="llm.ts" path="C:\Users\s.jumamuratov\Projects\mafsar\server\src\llm.ts">
      <metrics statements="176" coveredstatements="174" conditionals="83" coveredconditionals="63" methods="20" coveredmethods="19"/>
      <line num="1" count="1" type="stmt"/>
      <line num="13" count="1" type="stmt"/>
      <line num="14" count="1" type="cond" truecount="1" falsecount="0"/>
      <line num="15" count="1" type="cond" truecount="1" falsecount="0"/>
      <line num="16" count="7" type="stmt"/>
      <line num="17" count="7" type="stmt"/>
      <line num="18" count="7" type="stmt"/>
      <line num="19" count="7" type="stmt"/>
      <line num="20" count="1" type="stmt"/>
      <line num="49" count="1" type="stmt"/>
      <line num="50" count="1" type="stmt"/>
      <line num="52" count="1" type="stmt"/>
      <line num="53" count="1" type="stmt"/>
      <line num="54" count="1" type="stmt"/>
      <line num="55" count="1" type="cond" truecount="1" falsecount="0"/>
      <line num="56" count="25" type="stmt"/>
      <line num="57" count="25" type="stmt"/>
      <line num="58" count="25" type="stmt"/>
      <line num="59" count="25" type="stmt"/>
      <line num="60" count="25" type="stmt"/>
      <line num="61" count="25" type="stmt"/>
      <line num="62" count="25" type="stmt"/>
      <line num="63" count="25" type="stmt"/>
      <line num="64" count="25" type="stmt"/>
      <line num="65" count="25" type="stmt"/>
      <line num="66" count="25" type="stmt"/>
      <line num="67" count="25" type="stmt"/>
      <line num="68" count="25" type="stmt"/>
      <line num="69" count="25" type="stmt"/>
      <line num="70" count="1" type="cond" truecount="4" falsecount="1"/>
      <line num="71" count="1" type="cond" truecount="3" falsecount="0"/>
      <line num="72" count="1" type="stmt"/>
      <line num="73" count="1" type="stmt"/>
      <line num="76" count="1" type="stmt"/>
      <line num="77" count="1" type="cond" truecount="1" falsecount="0"/>
      <line num="78" count="4" type="stmt"/>
      <line num="79" count="4" type="stmt"/>
      <line num="80" count="4" type="stmt"/>
      <line num="81" count="4" type="stmt"/>
      <line num="82" count="4" type="stmt"/>
      <line num="83" count="4" type="stmt"/>
      <line num="84" count="4" type="stmt"/>
      <line num="85" count="4" type="stmt"/>
      <line num="86" count="4" type="stmt"/>
      <line num="87" count="4" type="stmt"/>
      <line num="88" count="4" type="stmt"/>
      <line num="89" count="4" type="stmt"/>
      <line num="90" count="4" type="stmt"/>
      <line num="91" count="4" type="stmt"/>
      <line num="92" count="4" type="stmt"/>
      <line num="93" count="1" type="cond" truecount="1" falsecount="1"/>
      <line num="94" count="1" type="cond" truecount="1" falsecount="1"/>
      <line num="95" count="1" type="stmt"/>
      <line num="96" count="1" type="stmt"/>
      <line num="97" count="1" type="stmt"/>
      <line num="98" count="1" type="cond" truecount="1" falsecount="0"/>
      <line num="99" count="2" type="stmt"/>
      <line num="100" count="2" type="stmt"/>
      <line num="101" count="2" type="stmt"/>
      <line num="102" count="2" type="stmt"/>
      <line num="103" count="2" type="stmt"/>
      <line num="104" count="2" type="stmt"/>
      <line num="105" count="2" type="stmt"/>
      <line num="106" count="2" type="stmt"/>
      <line num="107" count="2" type="stmt"/>
      <line num="108" count="2" type="stmt"/>
      <line num="109" count="1" type="cond" truecount="3" falsecount="1"/>
      <line num="110" count="1" type="stmt"/>
      <line num="111" count="1" type="stmt"/>
      <line num="112" count="1" type="stmt"/>
      <line num="114" count="32" type="cond" truecount="1" falsecount="0"/>
      <line num="115" count="32" type="cond" truecount="0" falsecount="1"/>
      <line num="116" count="32" type="cond" truecount="1" falsecount="0"/>
      <line num="117" count="32" type="stmt"/>
      <line num="118" count="32" type="cond" truecount="2" falsecount="0"/>
      <line num="119" count="31" type="stmt"/>
      <line num="120" count="32" type="stmt"/>
      <line num="121" count="32" type="stmt"/>
      <line num="122" count="32" type="stmt"/>
      <line num="123" count="32" type="stmt"/>
      <line num="124" count="32" type="stmt"/>
      <line num="125" count="32" type="cond" truecount="1" falsecount="0"/>
      <line num="126" count="32" type="cond" truecount="1" falsecount="0"/>
      <line num="127" count="6" type="stmt"/>
      <line num="128" count="6" type="cond" truecount="2" falsecount="0"/>
      <line num="131" count="6" type="stmt"/>
      <line num="132" count="6" type="stmt"/>
      <line num="133" count="6" type="stmt"/>
      <line num="134" count="6" type="stmt"/>
      <line num="135" count="6" type="cond" truecount="2" falsecount="0"/>
      <line num="136" count="30" type="cond" truecount="1" falsecount="0"/>
      <line num="137" count="21" type="stmt"/>
      <line num="141" count="1" type="stmt"/>
      <line num="149" count="1" type="stmt"/>
      <line num="151" count="1" type="stmt"/>
      <line num="165" count="1" type="stmt"/>
      <line num="175" count="1" type="stmt"/>
      <line num="188" count="1" type="stmt"/>
      <line num="198" count="1" type="stmt"/>
      <line num="205" count="1" type="cond" truecount="1" falsecount="0"/>
      <line num="206" count="25" type="stmt"/>
      <line num="207" count="25" type="cond" truecount="2" falsecount="0"/>
      <line num="208" count="25" type="stmt"/>
      <line num="209" count="25" type="stmt"/>
      <line num="210" count="25" type="cond" truecount="3" falsecount="0"/>
      <line num="211" count="21" type="stmt"/>
      <line num="212" count="21" type="stmt"/>
      <line num="214" count="29" type="cond" truecount="1" falsecount="0"/>
      <line num="215" count="29" type="stmt"/>
      <line num="216" count="29" type="cond" truecount="1" falsecount="0"/>
      <line num="217" count="32" type="cond" truecount="2" falsecount="0"/>
      <line num="218" count="21" type="stmt"/>
      <line num="219" count="21" type="stmt"/>
      <line num="220" count="29" type="cond" truecount="1" falsecount="0"/>
      <line num="221" count="3" type="stmt"/>
      <line num="222" count="3" type="stmt"/>
      <line num="223" count="32" type="cond" truecount="0" falsecount="1"/>
      <line num="224" count="29" type="cond" truecount="0" falsecount="1"/>
      <line num="225" count="29" type="stmt"/>
      <line num="227" count="20" type="cond" truecount="1" falsecount="0"/>
      <line num="228" count="20" type="cond" truecount="1" falsecount="1"/>
      <line num="229" count="20" type="stmt"/>
      <line num="236" count="18" type="cond" truecount="1" falsecount="0"/>
      <line num="237" count="18" type="stmt"/>
      <line num="238" count="18" type="stmt"/>
      <line num="239" count="18" type="stmt"/>
      <line num="240" count="18" type="cond" truecount="2" falsecount="0"/>
      <line num="241" count="15" type="cond" truecount="0" falsecount="1"/>
      <line num="242" count="18" type="cond" truecount="2" falsecount="0"/>
      <line num="243" count="18" type="cond" truecount="1" falsecount="0"/>
      <line num="244" count="18" type="cond" truecount="0" falsecount="1"/>
      <line num="245" count="18" type="cond" truecount="1" falsecount="0"/>
      <line num="246" count="18" type="cond" truecount="1" falsecount="0"/>
      <line num="247" count="8" type="stmt"/>
      <line num="248" count="8" type="stmt"/>
      <line num="249" count="8" type="stmt"/>
      <line num="250" count="8" type="cond" truecount="0" falsecount="1"/>
      <line num="251" count="8" type="cond" truecount="0" falsecount="1"/>
      <line num="252" count="18" type="stmt"/>
      <line num="253" count="18" type="cond" truecount="2" falsecount="2"/>
      <line num="254" count="0" type="stmt"/>
      <line num="255" count="0" type="stmt"/>
      <line num="256" count="18" type="cond" truecount="0" falsecount="1"/>
      <line num="257" count="18" type="stmt"/>
      <line num="259" count="4" type="cond" truecount="1" falsecount="0"/>
      <line num="260" count="4" type="stmt"/>
      <line num="261" count="4" type="cond" truecount="1" falsecount="0"/>
      <line num="262" count="4" type="cond" truecount="0" falsecount="1"/>
      <line num="263" count="4" type="stmt"/>
      <line num="264" count="4" type="stmt"/>
      <line num="265" count="4" type="cond" truecount="2" falsecount="0"/>
      <line num="266" count="4" type="cond" truecount="1" falsecount="0"/>
      <line num="267" count="4" type="stmt"/>
      <line num="268" count="4" type="stmt"/>
      <line num="270" count="2" type="cond" truecount="1" falsecount="0"/>
      <line num="271" count="2" type="stmt"/>
      <line num="272" count="2" type="stmt"/>
      <line num="273" count="2" type="cond" truecount="0" falsecount="1"/>
      <line num="274" count="2" type="stmt"/>
      <line num="275" count="2" type="stmt"/>
      <line num="277" count="2" type="cond" truecount="1" falsecount="0"/>
      <line num="278" count="2" type="stmt"/>
      <line num="279" count="2" type="stmt"/>
      <line num="280" count="2" type="stmt"/>
      <line num="281" count="2" type="cond" truecount="0" falsecount="1"/>
      <line num="282" count="2" type="cond" truecount="0" falsecount="1"/>
      <line num="283" count="2" type="stmt"/>
      <line num="284" count="2" type="stmt"/>
      <line num="287" count="3" type="cond" truecount="1" falsecount="0"/>
      <line num="288" count="3" type="cond" truecount="1" falsecount="0"/>
      <line num="289" count="3" type="cond" truecount="0" falsecount="1"/>
      <line num="290" count="3" type="stmt"/>
      <line num="291" count="3" type="cond" truecount="1" falsecount="0"/>
      <line num="292" count="3" type="cond" truecount="2" falsecount="0"/>
      <line num="293" count="2" type="stmt"/>
      <line num="294" count="2" type="stmt"/>
    </file>
    <file name="migrate.ts" path="C:\Users\s.jumamuratov\Projects\mafsar\server\src\migrate.ts">
      <metrics statements="11" coveredstatements="0" conditionals="1" coveredconditionals="0" methods="1" coveredmethods="0"/>
      <line num="1" count="0" type="cond" truecount="0" falsecount="1"/>
      <line num="2" count="0" type="stmt"/>
      <line num="3" count="0" type="stmt"/>
      <line num="5" count="0" type="stmt"/>
      <line num="6" count="0" type="stmt"/>
      <line num="7" count="0" type="stmt"/>
      <line num="8" count="0" type="stmt"/>
      <line num="9" count="0" type="stmt"/>
      <line num="10" count="0" type="stmt"/>
      <line num="12" count="0" type="stmt"/>
      <line num="13" count="0" type="stmt"/>
    </file>
    <file name="privacy.ts" path="C:\Users\s.jumamuratov\Projects\mafsar\server\src\privacy.ts">
      <metrics statements="1" coveredstatements="1" conditionals="0" coveredconditionals="0" methods="0" coveredmethods="0"/>
      <line num="5" count="1" type="stmt"/>
    </file>
    <file name="schema.ts" path="C:\Users\s.jumamuratov\Projects\mafsar\server\src\schema.ts">
      <metrics statements="83" coveredstatements="83" conditionals="0" coveredconditionals="0" methods="0" coveredmethods="0"/>
      <line num="1" count="1" type="stmt"/>
      <line num="4" count="1" type="stmt"/>
      <line num="5" count="1" type="stmt"/>
      <line num="6" count="1" type="stmt"/>
      <line num="7" count="1" type="stmt"/>
      <line num="9" count="1" type="stmt"/>
      <line num="11" count="1" type="stmt"/>
      <line num="12" count="1" type="stmt"/>
      <line num="13" count="1" type="stmt"/>
      <line num="14" count="1" type="stmt"/>
      <line num="15" count="1" type="stmt"/>
      <line num="16" count="1" type="stmt"/>
      <line num="17" count="1" type="stmt"/>
      <line num="18" count="1" type="stmt"/>
      <line num="19" count="1" type="stmt"/>
      <line num="20" count="1" type="stmt"/>
      <line num="21" count="1" type="stmt"/>
      <line num="23" count="1" type="stmt"/>
      <line num="24" count="1" type="stmt"/>
      <line num="25" count="1" type="stmt"/>
      <line num="26" count="1" type="stmt"/>
      <line num="27" count="1" type="stmt"/>
      <line num="28" count="1" type="stmt"/>
      <line num="29" count="1" type="stmt"/>
      <line num="30" count="1" type="stmt"/>
      <line num="31" count="1" type="stmt"/>
      <line num="32" count="1" type="stmt"/>
      <line num="33" count="1" type="stmt"/>
      <line num="34" count="1" type="stmt"/>
      <line num="36" count="1" type="stmt"/>
      <line num="37" count="1" type="stmt"/>
      <line num="38" count="1" type="stmt"/>
      <line num="39" count="1" type="stmt"/>
      <line num="40" count="1" type="stmt"/>
      <line num="41" count="1" type="stmt"/>
      <line num="42" count="1" type="stmt"/>
      <line num="43" count="1" type="stmt"/>
      <line num="44" count="1" type="stmt"/>
      <line num="45" count="1" type="stmt"/>
      <line num="47" count="1" type="stmt"/>
      <line num="48" count="1" type="stmt"/>
      <line num="49" count="1" type="stmt"/>
      <line num="50" count="1" type="stmt"/>
      <line num="52" count="1" type="stmt"/>
      <line num="53" count="1" type="stmt"/>
      <line num="54" count="1" type="stmt"/>
      <line num="55" count="1" type="stmt"/>
      <line num="56" count="1" type="stmt"/>
      <line num="57" count="1" type="stmt"/>
      <line num="58" count="1" type="stmt"/>
      <line num="59" count="1" type="stmt"/>
      <line num="61" count="1" type="stmt"/>
      <line num="62" count="1" type="stmt"/>
      <line num="63" count="1" type="stmt"/>
      <line num="64" count="1" type="stmt"/>
      <line num="65" count="1" type="stmt"/>
      <line num="66" count="1" type="stmt"/>
      <line num="67" count="1" type="stmt"/>
      <line num="68" count="1" type="stmt"/>
      <line num="73" count="1" type="stmt"/>
      <line num="74" count="1" type="stmt"/>
      <line num="75" count="1" type="stmt"/>
      <line num="76" count="1" type="stmt"/>
      <line num="78" count="1" type="stmt"/>
      <line num="79" count="1" type="stmt"/>
      <line num="80" count="1" type="stmt"/>
      <line num="81" count="1" type="stmt"/>
      <line num="83" count="1" type="stmt"/>
      <line num="84" count="1" type="stmt"/>
      <line num="85" count="1" type="stmt"/>
      <line num="86" count="1" type="stmt"/>
      <line num="87" count="1" type="stmt"/>
      <line num="89" count="1" type="stmt"/>
      <line num="90" count="1" type="stmt"/>
      <line num="91" count="1" type="stmt"/>
      <line num="92" count="1" type="stmt"/>
      <line num="94" count="1" type="stmt"/>
      <line num="95" count="1" type="stmt"/>
      <line num="96" count="1" type="stmt"/>
      <line num="98" count="1" type="stmt"/>
      <line num="99" count="1" type="stmt"/>
      <line num="100" count="1" type="stmt"/>
      <line num="101" count="1" type="stmt"/>
    </file>
    <file name="sync.ts" path="C:\Users\s.jumamuratov\Projects\mafsar\server\src\sync.ts">
      <metrics statements="103" coveredstatements="103" conditionals="42" coveredconditionals="41" methods="3" coveredmethods="3"/>
      <line num="1" count="1" type="stmt"/>
      <line num="16" count="1" type="cond" truecount="1" falsecount="0"/>
      <line num="17" count="51" type="cond" truecount="2" falsecount="0"/>
      <line num="18" count="16" type="stmt"/>
      <line num="19" count="16" type="stmt"/>
      <line num="31" count="50" type="cond" truecount="1" falsecount="0"/>
      <line num="32" count="50" type="cond" truecount="1" falsecount="0"/>
      <line num="33" count="19" type="stmt"/>
      <line num="34" count="19" type="stmt"/>
      <line num="35" count="19" type="stmt"/>
      <line num="36" count="19" type="cond" truecount="2" falsecount="0"/>
      <line num="37" count="16" type="stmt"/>
      <line num="38" count="16" type="stmt"/>
      <line num="39" count="16" type="stmt"/>
      <line num="45" count="19" type="cond" truecount="1" falsecount="0"/>
      <line num="46" count="19" type="cond" truecount="4" falsecount="0"/>
      <line num="47" count="19" type="cond" truecount="1" falsecount="0"/>
      <line num="48" count="16" type="stmt"/>
      <line num="52" count="50" type="cond" truecount="1" falsecount="0"/>
      <line num="53" count="15" type="stmt"/>
      <line num="54" count="15" type="stmt"/>
      <line num="55" count="15" type="stmt"/>
      <line num="56" count="15" type="stmt"/>
      <line num="57" count="15" type="stmt"/>
      <line num="58" count="15" type="stmt"/>
      <line num="59" count="15" type="stmt"/>
      <line num="60" count="15" type="stmt"/>
      <line num="61" count="15" type="cond" truecount="2" falsecount="0"/>
      <line num="62" count="13" type="stmt"/>
      <line num="63" count="13" type="stmt"/>
      <line num="64" count="13" type="stmt"/>
      <line num="70" count="15" type="cond" truecount="2" falsecount="0"/>
      <line num="71" count="15" type="cond" truecount="4" falsecount="0"/>
      <line num="72" count="15" type="cond" truecount="1" falsecount="0"/>
      <line num="73" count="13" type="stmt"/>
      <line num="75" count="50" type="cond" truecount="1" falsecount="0"/>
      <line num="76" count="7" type="stmt"/>
      <line num="77" count="7" type="stmt"/>
      <line num="78" count="7" type="stmt"/>
      <line num="79" count="7" type="stmt"/>
      <line num="80" count="7" type="stmt"/>
      <line num="81" count="7" type="stmt"/>
      <line num="82" count="7" type="stmt"/>
      <line num="83" count="7" type="stmt"/>
      <line num="84" count="7" type="cond" truecount="2" falsecount="0"/>
      <line num="85" count="6" type="stmt"/>
      <line num="86" count="6" type="stmt"/>
      <line num="87" count="6" type="stmt"/>
      <line num="92" count="6" type="stmt"/>
      <line num="93" count="7" type="cond" truecount="2" falsecount="1"/>
      <line num="94" count="7" type="cond" truecount="1" falsecount="0"/>
      <line num="95" count="6" type="stmt"/>
      <line num="99" count="50" type="cond" truecount="1" falsecount="0"/>
      <line num="100" count="9" type="stmt"/>
      <line num="101" count="9" type="stmt"/>
      <line num="102" count="9" type="stmt"/>
      <line num="104" count="9" type="stmt"/>
      <line num="105" count="9" type="stmt"/>
      <line num="106" count="9" type="stmt"/>
      <line num="109" count="50" type="cond" truecount="1" falsecount="0"/>
      <line num="110" count="3" type="stmt"/>
      <line num="111" count="3" type="stmt"/>
      <line num="112" count="3" type="stmt"/>
      <line num="114" count="3" type="cond" truecount="2" falsecount="0"/>
      <line num="115" count="3" type="stmt"/>
      <line num="116" count="3" type="stmt"/>
      <line num="117" count="50" type="stmt"/>
      <line num="120" count="39" type="cond" truecount="1" falsecount="0"/>
      <line num="121" count="39" type="cond" truecount="1" falsecount="0"/>
      <line num="122" count="39" type="stmt"/>
      <line num="123" count="39" type="stmt"/>
      <line num="124" count="39" type="cond" truecount="1" falsecount="0"/>
      <line num="125" count="23" type="stmt"/>
      <line num="126" count="23" type="stmt"/>
      <line num="127" count="23" type="stmt"/>
      <line num="128" count="39" type="stmt"/>
      <line num="129" count="39" type="stmt"/>
      <line num="130" count="39" type="stmt"/>
      <line num="131" count="39" type="cond" truecount="1" falsecount="0"/>
      <line num="132" count="12" type="stmt"/>
      <line num="133" count="12" type="stmt"/>
      <line num="137" count="12" type="cond" truecount="2" falsecount="0"/>
      <line num="138" count="12" type="stmt"/>
      <line num="139" count="39" type="stmt"/>
      <line num="140" count="39" type="stmt"/>
      <line num="141" count="39" type="stmt"/>
      <line num="142" count="39" type="cond" truecount="1" falsecount="0"/>
      <line num="143" count="4" type="stmt"/>
      <line num="144" count="4" type="stmt"/>
      <line num="145" count="4" type="stmt"/>
      <line num="146" count="39" type="stmt"/>
      <line num="147" count="39" type="stmt"/>
      <line num="148" count="39" type="stmt"/>
      <line num="149" count="39" type="stmt"/>
      <line num="150" count="39" type="stmt"/>
      <line num="151" count="39" type="stmt"/>
      <line num="152" count="39" type="cond" truecount="1" falsecount="0"/>
      <line num="153" count="1" type="stmt"/>
      <line num="154" count="1" type="stmt"/>
      <line num="155" count="1" type="stmt"/>
      <line num="156" count="39" type="stmt"/>
      <line num="157" count="39" type="stmt"/>
      <line num="158" count="39" type="stmt"/>
    </file>
  </project>
</coverage>
