{"C:\\Users\\s.jumamuratov\\Projects\\mafsar\\server\\src\\app.ts": {"path":"C:\\Users\\s.jumamuratov\\Projects\\mafsar\\server\\src\\app.ts","all":false,"statementMap":{"0":{"start":{"line":1,"column":0},"end":{"line":1,"column":28}},"12":{"start":{"line":13,"column":0},"end":{"line":13,"column":35}},"13":{"start":{"line":14,"column":0},"end":{"line":14,"column":60}},"16":{"start":{"line":17,"column":0},"end":{"line":17,"column":23}},"19":{"start":{"line":20,"column":0},"end":{"line":20,"column":51}},"21":{"start":{"line":22,"column":0},"end":{"line":22,"column":39}},"23":{"start":{"line":24,"column":0},"end":{"line":24,"column":58}},"24":{"start":{"line":25,"column":0},"end":{"line":25,"column":34}},"25":{"start":{"line":26,"column":0},"end":{"line":26,"column":5}},"27":{"start":{"line":28,"column":0},"end":{"line":28,"column":27}},"28":{"start":{"line":29,"column":0},"end":{"line":29,"column":67}},"29":{"start":{"line":30,"column":0},"end":{"line":30,"column":32}},"30":{"start":{"line":31,"column":0},"end":{"line":31,"column":69}},"31":{"start":{"line":32,"column":0},"end":{"line":32,"column":5}},"35":{"start":{"line":36,"column":0},"end":{"line":36,"column":32}},"36":{"start":{"line":37,"column":0},"end":{"line":37,"column":39}},"37":{"start":{"line":38,"column":0},"end":{"line":38,"column":90}},"38":{"start":{"line":39,"column":0},"end":{"line":39,"column":5}},"39":{"start":{"line":40,"column":0},"end":{"line":40,"column":23}},"40":{"start":{"line":41,"column":0},"end":{"line":41,"column":46}},"41":{"start":{"line":42,"column":0},"end":{"line":42,"column":5}},"43":{"start":{"line":44,"column":0},"end":{"line":44,"column":46}},"44":{"start":{"line":45,"column":0},"end":{"line":45,"column":58}},"45":{"start":{"line":46,"column":0},"end":{"line":46,"column":63}},"46":{"start":{"line":47,"column":0},"end":{"line":47,"column":60}},"47":{"start":{"line":48,"column":0},"end":{"line":48,"column":19}},"48":{"start":{"line":49,"column":0},"end":{"line":49,"column":50}},"49":{"start":{"line":50,"column":0},"end":{"line":50,"column":52}},"50":{"start":{"line":51,"column":0},"end":{"line":51,"column":47}},"51":{"start":{"line":52,"column":0},"end":{"line":52,"column":7}},"52":{"start":{"line":53,"column":0},"end":{"line":53,"column":5}},"54":{"start":{"line":55,"column":0},"end":{"line":55,"column":43}},"55":{"start":{"line":56,"column":0},"end":{"line":56,"column":55}},"56":{"start":{"line":57,"column":0},"end":{"line":57,"column":60}},"57":{"start":{"line":58,"column":0},"end":{"line":58,"column":68}},"58":{"start":{"line":59,"column":0},"end":{"line":59,"column":19}},"59":{"start":{"line":60,"column":0},"end":{"line":60,"column":50}},"60":{"start":{"line":61,"column":0},"end":{"line":61,"column":52}},"61":{"start":{"line":62,"column":0},"end":{"line":62,"column":47}},"62":{"start":{"line":63,"column":0},"end":{"line":63,"column":7}},"63":{"start":{"line":64,"column":0},"end":{"line":64,"column":5}},"65":{"start":{"line":66,"column":0},"end":{"line":66,"column":45}},"66":{"start":{"line":67,"column":0},"end":{"line":67,"column":75}},"67":{"start":{"line":68,"column":0},"end":{"line":68,"column":69}},"68":{"start":{"line":69,"column":0},"end":{"line":69,"column":47}},"69":{"start":{"line":70,"column":0},"end":{"line":70,"column":9}},"70":{"start":{"line":71,"column":0},"end":{"line":71,"column":97}},"71":{"start":{"line":72,"column":0},"end":{"line":72,"column":73}},"72":{"start":{"line":73,"column":0},"end":{"line":73,"column":83}},"73":{"start":{"line":74,"column":0},"end":{"line":74,"column":13}},"74":{"start":{"line":75,"column":0},"end":{"line":75,"column":52}},"75":{"start":{"line":76,"column":0},"end":{"line":76,"column":5}},"76":{"start":{"line":77,"column":0},"end":{"line":77,"column":5}},"78":{"start":{"line":79,"column":0},"end":{"line":79,"column":34}},"79":{"start":{"line":80,"column":0},"end":{"line":80,"column":45}},"80":{"start":{"line":81,"column":0},"end":{"line":81,"column":27}},"81":{"start":{"line":82,"column":0},"end":{"line":82,"column":74}},"82":{"start":{"line":83,"column":0},"end":{"line":83,"column":6}},"83":{"start":{"line":84,"column":0},"end":{"line":84,"column":58}},"84":{"start":{"line":85,"column":0},"end":{"line":85,"column":28}},"85":{"start":{"line":86,"column":0},"end":{"line":86,"column":5}},"87":{"start":{"line":88,"column":0},"end":{"line":88,"column":37}},"88":{"start":{"line":89,"column":0},"end":{"line":89,"column":45}},"89":{"start":{"line":90,"column":0},"end":{"line":90,"column":72}},"90":{"start":{"line":91,"column":0},"end":{"line":91,"column":38}},"91":{"start":{"line":92,"column":0},"end":{"line":92,"column":32}},"92":{"start":{"line":93,"column":0},"end":{"line":93,"column":83}},"93":{"start":{"line":94,"column":0},"end":{"line":94,"column":5}},"96":{"start":{"line":97,"column":0},"end":{"line":97,"column":41}},"97":{"start":{"line":98,"column":0},"end":{"line":98,"column":58}},"98":{"start":{"line":99,"column":0},"end":{"line":99,"column":60}},"99":{"start":{"line":100,"column":0},"end":{"line":100,"column":29}},"100":{"start":{"line":101,"column":0},"end":{"line":101,"column":5}},"102":{"start":{"line":103,"column":0},"end":{"line":103,"column":38}},"103":{"start":{"line":104,"column":0},"end":{"line":104,"column":55}},"104":{"start":{"line":105,"column":0},"end":{"line":105,"column":81}},"105":{"start":{"line":106,"column":0},"end":{"line":106,"column":5}},"107":{"start":{"line":108,"column":0},"end":{"line":108,"column":45}},"108":{"start":{"line":109,"column":0},"end":{"line":109,"column":62}},"109":{"start":{"line":110,"column":0},"end":{"line":110,"column":76}},"110":{"start":{"line":111,"column":0},"end":{"line":111,"column":5}},"112":{"start":{"line":113,"column":0},"end":{"line":113,"column":42}},"113":{"start":{"line":114,"column":0},"end":{"line":114,"column":59}},"114":{"start":{"line":115,"column":0},"end":{"line":115,"column":62}},"115":{"start":{"line":116,"column":0},"end":{"line":116,"column":5}},"117":{"start":{"line":118,"column":0},"end":{"line":118,"column":38}},"118":{"start":{"line":119,"column":0},"end":{"line":119,"column":55}},"119":{"start":{"line":120,"column":0},"end":{"line":120,"column":63}},"120":{"start":{"line":121,"column":0},"end":{"line":121,"column":5}},"123":{"start":{"line":124,"column":0},"end":{"line":124,"column":32}},"124":{"start":{"line":125,"column":0},"end":{"line":125,"column":128}},"127":{"start":{"line":128,"column":0},"end":{"line":128,"column":30}},"128":{"start":{"line":129,"column":0},"end":{"line":129,"column":108}},"132":{"start":{"line":133,"column":0},"end":{"line":133,"column":51}},"134":{"start":{"line":135,"column":0},"end":{"line":135,"column":13}},"135":{"start":{"line":136,"column":0},"end":{"line":136,"column":1}}},"s":{"0":1,"12":1,"13":42,"16":42,"19":42,"21":42,"23":43,"24":32,"25":42,"27":42,"28":5,"29":5,"30":3,"31":3,"35":2,"36":2,"37":2,"38":2,"39":0,"40":0,"41":42,"43":42,"44":6,"45":6,"46":6,"47":4,"48":4,"49":4,"50":4,"51":4,"52":42,"54":42,"55":2,"56":2,"57":2,"58":1,"59":1,"60":1,"61":1,"62":1,"63":42,"65":42,"66":3,"67":3,"68":3,"69":3,"70":3,"71":2,"72":1,"73":2,"74":2,"75":2,"76":42,"78":42,"79":3,"80":3,"81":3,"82":3,"83":3,"84":3,"85":42,"87":42,"88":8,"89":8,"90":8,"91":7,"92":7,"93":42,"96":42,"97":2,"98":2,"99":1,"100":42,"102":42,"103":3,"104":3,"105":42,"107":42,"108":1,"109":1,"110":42,"112":42,"113":1,"114":1,"115":42,"117":42,"118":1,"119":1,"120":42,"123":42,"124":42,"127":42,"128":42,"132":42,"134":42,"135":42},"branchMap":{"0":{"type":"branch","line":13,"loc":{"start":{"line":13,"column":7},"end":{"line":136,"column":1}},"locations":[{"start":{"line":13,"column":7},"end":{"line":136,"column":1}}]},"1":{"type":"branch","line":22,"loc":{"start":{"line":22,"column":19},"end":{"line":26,"column":3}},"locations":[{"start":{"line":22,"column":19},"end":{"line":26,"column":3}}]},"2":{"type":"branch","line":24,"loc":{"start":{"line":24,"column":44},"end":{"line":24,"column":58}},"locations":[{"start":{"line":24,"column":44},"end":{"line":24,"column":58}}]},"3":{"type":"branch","line":24,"loc":{"start":{"line":24,"column":56},"end":{"line":25,"column":34}},"locations":[{"start":{"line":24,"column":56},"end":{"line":25,"column":34}}]},"4":{"type":"branch","line":28,"loc":{"start":{"line":28,"column":14},"end":{"line":42,"column":3}},"locations":[{"start":{"line":28,"column":14},"end":{"line":42,"column":3}}]},"5":{"type":"branch","line":30,"loc":{"start":{"line":30,"column":31},"end":{"line":32,"column":5}},"locations":[{"start":{"line":30,"column":31},"end":{"line":32,"column":5}}]},"6":{"type":"branch","line":32,"loc":{"start":{"line":32,"column":4},"end":{"line":41,"column":46}},"locations":[{"start":{"line":32,"column":4},"end":{"line":41,"column":46}}]},"7":{"type":"branch","line":38,"loc":{"start":{"line":38,"column":67},"end":{"line":38,"column":88}},"locations":[{"start":{"line":38,"column":67},"end":{"line":38,"column":88}}]},"8":{"type":"branch","line":39,"loc":{"start":{"line":39,"column":4},"end":{"line":41,"column":46}},"locations":[{"start":{"line":39,"column":4},"end":{"line":41,"column":46}}]},"9":{"type":"branch","line":44,"loc":{"start":{"line":44,"column":32},"end":{"line":53,"column":3}},"locations":[{"start":{"line":44,"column":32},"end":{"line":53,"column":3}}]},"10":{"type":"branch","line":46,"loc":{"start":{"line":46,"column":61},"end":{"line":47,"column":22}},"locations":[{"start":{"line":46,"column":61},"end":{"line":47,"column":22}}]},"11":{"type":"branch","line":47,"loc":{"start":{"line":47,"column":15},"end":{"line":47,"column":60}},"locations":[{"start":{"line":47,"column":15},"end":{"line":47,"column":60}}]},"12":{"type":"branch","line":47,"loc":{"start":{"line":47,"column":58},"end":{"line":52,"column":7}},"locations":[{"start":{"line":47,"column":58},"end":{"line":52,"column":7}}]},"13":{"type":"branch","line":55,"loc":{"start":{"line":55,"column":29},"end":{"line":64,"column":3}},"locations":[{"start":{"line":55,"column":29},"end":{"line":64,"column":3}}]},"14":{"type":"branch","line":58,"loc":{"start":{"line":58,"column":15},"end":{"line":63,"column":7}},"locations":[{"start":{"line":58,"column":15},"end":{"line":63,"column":7}}]},"15":{"type":"branch","line":66,"loc":{"start":{"line":66,"column":31},"end":{"line":77,"column":3}},"locations":[{"start":{"line":66,"column":31},"end":{"line":77,"column":3}}]},"16":{"type":"branch","line":68,"loc":{"start":{"line":68,"column":23},"end":{"line":68,"column":69}},"locations":[{"start":{"line":68,"column":23},"end":{"line":68,"column":69}}]},"17":{"type":"branch","line":71,"loc":{"start":{"line":71,"column":95},"end":{"line":76,"column":5}},"locations":[{"start":{"line":71,"column":95},"end":{"line":76,"column":5}}]},"18":{"type":"branch","line":72,"loc":{"start":{"line":72,"column":37},"end":{"line":74,"column":12}},"locations":[{"start":{"line":72,"column":37},"end":{"line":74,"column":12}}]},"19":{"type":"branch","line":79,"loc":{"start":{"line":79,"column":20},"end":{"line":86,"column":3}},"locations":[{"start":{"line":79,"column":20},"end":{"line":86,"column":3}}]},"20":{"type":"branch","line":84,"loc":{"start":{"line":84,"column":15},"end":{"line":84,"column":58}},"locations":[{"start":{"line":84,"column":15},"end":{"line":84,"column":58}}]},"21":{"type":"branch","line":88,"loc":{"start":{"line":88,"column":23},"end":{"line":94,"column":3}},"locations":[{"start":{"line":88,"column":23},"end":{"line":94,"column":3}}]},"22":{"type":"branch","line":91,"loc":{"start":{"line":91,"column":36},"end":{"line":93,"column":83}},"locations":[{"start":{"line":91,"column":36},"end":{"line":93,"column":83}}]},"23":{"type":"branch","line":90,"loc":{"start":{"line":90,"column":59},"end":{"line":90,"column":69}},"locations":[{"start":{"line":90,"column":59},"end":{"line":90,"column":69}}]},"24":{"type":"branch","line":97,"loc":{"start":{"line":97,"column":27},"end":{"line":101,"column":3}},"locations":[{"start":{"line":97,"column":27},"end":{"line":101,"column":3}}]},"25":{"type":"branch","line":99,"loc":{"start":{"line":99,"column":58},"end":{"line":100,"column":29}},"locations":[{"start":{"line":99,"column":58},"end":{"line":100,"column":29}}]},"26":{"type":"branch","line":103,"loc":{"start":{"line":103,"column":24},"end":{"line":106,"column":3}},"locations":[{"start":{"line":103,"column":24},"end":{"line":106,"column":3}}]},"27":{"type":"branch","line":105,"loc":{"start":{"line":105,"column":79},"end":{"line":105,"column":81}},"locations":[{"start":{"line":105,"column":79},"end":{"line":105,"column":81}}]},"28":{"type":"branch","line":108,"loc":{"start":{"line":108,"column":31},"end":{"line":111,"column":3}},"locations":[{"start":{"line":108,"column":31},"end":{"line":111,"column":3}}]},"29":{"type":"branch","line":113,"loc":{"start":{"line":113,"column":28},"end":{"line":116,"column":3}},"locations":[{"start":{"line":113,"column":28},"end":{"line":116,"column":3}}]},"30":{"type":"branch","line":118,"loc":{"start":{"line":118,"column":24},"end":{"line":121,"column":3}},"locations":[{"start":{"line":118,"column":24},"end":{"line":121,"column":3}}]},"31":{"type":"branch","line":124,"loc":{"start":{"line":124,"column":26},"end":{"line":125,"column":126}},"locations":[{"start":{"line":124,"column":26},"end":{"line":125,"column":126}}]},"32":{"type":"branch","line":128,"loc":{"start":{"line":128,"column":24},"end":{"line":129,"column":106}},"locations":[{"start":{"line":128,"column":24},"end":{"line":129,"column":106}}]},"33":{"type":"branch","line":133,"loc":{"start":{"line":133,"column":22},"end":{"line":133,"column":49}},"locations":[{"start":{"line":133,"column":22},"end":{"line":133,"column":49}}]}},"b":{"0":[42],"1":[43],"2":[11],"3":[32],"4":[5],"5":[3],"6":[2],"7":[0],"8":[0],"9":[6],"10":[5],"11":[1],"12":[4],"13":[2],"14":[1],"15":[3],"16":[0],"17":[2],"18":[1],"19":[3],"20":[0],"21":[8],"22":[7],"23":[1],"24":[2],"25":[1],"26":[3],"27":[1],"28":[1],"29":[1],"30":[1],"31":[1],"32":[1],"33":[1]},"fnMap":{"0":{"name":"createApp","decl":{"start":{"line":13,"column":7},"end":{"line":136,"column":1}},"loc":{"start":{"line":13,"column":7},"end":{"line":136,"column":1}},"line":13}},"f":{"0":42}}
,"C:\\Users\\s.jumamuratov\\Projects\\mafsar\\server\\src\\auth.ts": {"path":"C:\\Users\\s.jumamuratov\\Projects\\mafsar\\server\\src\\auth.ts","all":false,"statementMap":{"0":{"start":{"line":1,"column":0},"end":{"line":1,"column":42}},"6":{"start":{"line":7,"column":0},"end":{"line":7,"column":25}},"7":{"start":{"line":8,"column":0},"end":{"line":8,"column":26}},"9":{"start":{"line":10,"column":0},"end":{"line":10,"column":41}},"10":{"start":{"line":11,"column":0},"end":{"line":11,"column":35}},"11":{"start":{"line":12,"column":0},"end":{"line":12,"column":75}},"12":{"start":{"line":13,"column":0},"end":{"line":13,"column":77}},"13":{"start":{"line":14,"column":0},"end":{"line":14,"column":3}},"14":{"start":{"line":15,"column":0},"end":{"line":15,"column":84}},"15":{"start":{"line":16,"column":0},"end":{"line":16,"column":37}},"16":{"start":{"line":17,"column":0},"end":{"line":17,"column":1}},"18":{"start":{"line":19,"column":0},"end":{"line":19,"column":68}},"19":{"start":{"line":20,"column":0},"end":{"line":20,"column":29}},"20":{"start":{"line":21,"column":0},"end":{"line":21,"column":41}},"21":{"start":{"line":22,"column":0},"end":{"line":22,"column":18}},"22":{"start":{"line":23,"column":0},"end":{"line":23,"column":27}},"23":{"start":{"line":24,"column":0},"end":{"line":24,"column":23}},"24":{"start":{"line":25,"column":0},"end":{"line":25,"column":1}},"26":{"start":{"line":27,"column":0},"end":{"line":27,"column":50}},"27":{"start":{"line":28,"column":0},"end":{"line":28,"column":51}},"29":{"start":{"line":30,"column":0},"end":{"line":30,"column":51}},"30":{"start":{"line":31,"column":0},"end":{"line":31,"column":53}},"32":{"start":{"line":33,"column":0},"end":{"line":33,"column":48}},"33":{"start":{"line":34,"column":0},"end":{"line":34,"column":29}},"34":{"start":{"line":35,"column":0},"end":{"line":35,"column":1}},"35":{"start":{"line":36,"column":0},"end":{"line":36,"column":45}},"38":{"start":{"line":39,"column":0},"end":{"line":39,"column":31}},"39":{"start":{"line":40,"column":0},"end":{"line":40,"column":44}},"40":{"start":{"line":41,"column":0},"end":{"line":41,"column":55}},"41":{"start":{"line":42,"column":0},"end":{"line":42,"column":72}},"42":{"start":{"line":43,"column":0},"end":{"line":43,"column":62}},"43":{"start":{"line":44,"column":0},"end":{"line":44,"column":9}},"44":{"start":{"line":45,"column":0},"end":{"line":45,"column":62}},"45":{"start":{"line":46,"column":0},"end":{"line":46,"column":72}},"46":{"start":{"line":47,"column":0},"end":{"line":47,"column":45}},"47":{"start":{"line":48,"column":0},"end":{"line":48,"column":13}},"48":{"start":{"line":49,"column":0},"end":{"line":49,"column":52}},"49":{"start":{"line":50,"column":0},"end":{"line":50,"column":5}},"50":{"start":{"line":51,"column":0},"end":{"line":51,"column":17}},"51":{"start":{"line":52,"column":0},"end":{"line":52,"column":4}},"52":{"start":{"line":53,"column":0},"end":{"line":53,"column":1}},"55":{"start":{"line":56,"column":0},"end":{"line":56,"column":73}},"56":{"start":{"line":57,"column":0},"end":{"line":57,"column":48}},"57":{"start":{"line":58,"column":0},"end":{"line":58,"column":80}},"58":{"start":{"line":59,"column":0},"end":{"line":59,"column":38}},"59":{"start":{"line":60,"column":0},"end":{"line":60,"column":3}},"60":{"start":{"line":61,"column":0},"end":{"line":61,"column":16}},"61":{"start":{"line":62,"column":0},"end":{"line":62,"column":14}},"62":{"start":{"line":63,"column":0},"end":{"line":63,"column":22}},"63":{"start":{"line":64,"column":0},"end":{"line":64,"column":48}},"64":{"start":{"line":65,"column":0},"end":{"line":65,"column":25}},"65":{"start":{"line":66,"column":0},"end":{"line":66,"column":4}},"66":{"start":{"line":67,"column":0},"end":{"line":67,"column":12}},"67":{"start":{"line":68,"column":0},"end":{"line":68,"column":7}},"68":{"start":{"line":69,"column":0},"end":{"line":69,"column":83}},"69":{"start":{"line":70,"column":0},"end":{"line":70,"column":62}},"70":{"start":{"line":71,"column":0},"end":{"line":71,"column":4}},"71":{"start":{"line":72,"column":0},"end":{"line":72,"column":14}},"72":{"start":{"line":73,"column":0},"end":{"line":73,"column":1}},"75":{"start":{"line":76,"column":0},"end":{"line":76,"column":70}},"76":{"start":{"line":77,"column":0},"end":{"line":77,"column":79}},"77":{"start":{"line":78,"column":0},"end":{"line":78,"column":7}},"78":{"start":{"line":79,"column":0},"end":{"line":79,"column":42}},"79":{"start":{"line":80,"column":0},"end":{"line":80,"column":32}},"80":{"start":{"line":81,"column":0},"end":{"line":81,"column":4}},"81":{"start":{"line":82,"column":0},"end":{"line":82,"column":71}},"82":{"start":{"line":83,"column":0},"end":{"line":83,"column":16}},"83":{"start":{"line":84,"column":0},"end":{"line":84,"column":3}},"84":{"start":{"line":85,"column":0},"end":{"line":85,"column":14}},"85":{"start":{"line":86,"column":0},"end":{"line":86,"column":1}}},"s":{"0":1,"6":1,"7":1,"9":1,"10":100,"11":100,"12":0,"13":0,"14":100,"15":0,"16":0,"18":66,"19":66,"20":66,"21":66,"22":66,"23":66,"24":66,"26":1,"27":46,"29":1,"30":20,"32":73,"33":73,"34":73,"35":1,"38":1,"39":37,"40":37,"41":37,"42":37,"43":27,"44":27,"45":37,"46":22,"47":37,"48":5,"49":5,"50":22,"51":37,"52":37,"55":76,"56":76,"57":76,"58":3,"59":3,"60":73,"61":73,"62":73,"63":73,"64":73,"65":73,"66":73,"67":73,"68":73,"69":73,"70":73,"71":73,"72":73,"75":9,"76":9,"77":9,"78":9,"79":9,"80":9,"81":9,"82":4,"83":4,"84":5,"85":5},"branchMap":{"0":{"type":"branch","line":10,"loc":{"start":{"line":10,"column":7},"end":{"line":17,"column":1}},"locations":[{"start":{"line":10,"column":7},"end":{"line":17,"column":1}}]},"1":{"type":"branch","line":12,"loc":{"start":{"line":12,"column":31},"end":{"line":12,"column":74}},"locations":[{"start":{"line":12,"column":31},"end":{"line":12,"column":74}}]},"2":{"type":"branch","line":12,"loc":{"start":{"line":12,"column":74},"end":{"line":14,"column":3}},"locations":[{"start":{"line":12,"column":74},"end":{"line":14,"column":3}}]},"3":{"type":"branch","line":15,"loc":{"start":{"line":15,"column":7},"end":{"line":15,"column":31}},"locations":[{"start":{"line":15,"column":7},"end":{"line":15,"column":31}}]},"4":{"type":"branch","line":15,"loc":{"start":{"line":15,"column":82},"end":{"line":17,"column":1}},"locations":[{"start":{"line":15,"column":82},"end":{"line":17,"column":1}}]},"5":{"type":"branch","line":19,"loc":{"start":{"line":19,"column":0},"end":{"line":25,"column":1}},"locations":[{"start":{"line":19,"column":0},"end":{"line":25,"column":1}}]},"6":{"type":"branch","line":27,"loc":{"start":{"line":27,"column":31},"end":{"line":28,"column":51}},"locations":[{"start":{"line":27,"column":31},"end":{"line":28,"column":51}}]},"7":{"type":"branch","line":30,"loc":{"start":{"line":30,"column":32},"end":{"line":31,"column":53}},"locations":[{"start":{"line":30,"column":32},"end":{"line":31,"column":53}}]},"8":{"type":"branch","line":33,"loc":{"start":{"line":33,"column":0},"end":{"line":35,"column":1}},"locations":[{"start":{"line":33,"column":0},"end":{"line":35,"column":1}}]},"9":{"type":"branch","line":39,"loc":{"start":{"line":39,"column":7},"end":{"line":53,"column":1}},"locations":[{"start":{"line":39,"column":7},"end":{"line":53,"column":1}}]},"10":{"type":"branch","line":40,"loc":{"start":{"line":40,"column":9},"end":{"line":52,"column":4}},"locations":[{"start":{"line":40,"column":9},"end":{"line":52,"column":4}}]},"11":{"type":"branch","line":41,"loc":{"start":{"line":41,"column":47},"end":{"line":41,"column":55}},"locations":[{"start":{"line":41,"column":47},"end":{"line":41,"column":55}}]},"12":{"type":"branch","line":42,"loc":{"start":{"line":42,"column":45},"end":{"line":42,"column":67}},"locations":[{"start":{"line":42,"column":45},"end":{"line":42,"column":67}}]},"13":{"type":"branch","line":42,"loc":{"start":{"line":42,"column":63},"end":{"line":42,"column":72}},"locations":[{"start":{"line":42,"column":63},"end":{"line":42,"column":72}}]},"14":{"type":"branch","line":43,"loc":{"start":{"line":43,"column":16},"end":{"line":43,"column":62}},"locations":[{"start":{"line":43,"column":16},"end":{"line":43,"column":62}}]},"15":{"type":"branch","line":43,"loc":{"start":{"line":43,"column":60},"end":{"line":46,"column":42}},"locations":[{"start":{"line":43,"column":60},"end":{"line":46,"column":42}}]},"16":{"type":"branch","line":43,"loc":{"start":{"line":43,"column":60},"end":{"line":45,"column":62}},"locations":[{"start":{"line":43,"column":60},"end":{"line":45,"column":62}}]},"17":{"type":"branch","line":45,"loc":{"start":{"line":45,"column":60},"end":{"line":46,"column":42}},"locations":[{"start":{"line":45,"column":60},"end":{"line":46,"column":42}}]},"18":{"type":"branch","line":46,"loc":{"start":{"line":46,"column":36},"end":{"line":48,"column":12}},"locations":[{"start":{"line":46,"column":36},"end":{"line":48,"column":12}}]},"19":{"type":"branch","line":46,"loc":{"start":{"line":46,"column":36},"end":{"line":46,"column":72}},"locations":[{"start":{"line":46,"column":36},"end":{"line":46,"column":72}}]},"20":{"type":"branch","line":46,"loc":{"start":{"line":46,"column":70},"end":{"line":48,"column":12}},"locations":[{"start":{"line":46,"column":70},"end":{"line":48,"column":12}}]},"21":{"type":"branch","line":48,"loc":{"start":{"line":48,"column":4},"end":{"line":50,"column":5}},"locations":[{"start":{"line":48,"column":4},"end":{"line":50,"column":5}}]},"22":{"type":"branch","line":50,"loc":{"start":{"line":50,"column":4},"end":{"line":51,"column":17}},"locations":[{"start":{"line":50,"column":4},"end":{"line":51,"column":17}}]},"23":{"type":"branch","line":56,"loc":{"start":{"line":56,"column":0},"end":{"line":73,"column":1}},"locations":[{"start":{"line":56,"column":0},"end":{"line":73,"column":1}}]},"24":{"type":"branch","line":58,"loc":{"start":{"line":58,"column":79},"end":{"line":60,"column":3}},"locations":[{"start":{"line":58,"column":79},"end":{"line":60,"column":3}}]},"25":{"type":"branch","line":60,"loc":{"start":{"line":60,"column":2},"end":{"line":73,"column":1}},"locations":[{"start":{"line":60,"column":2},"end":{"line":73,"column":1}}]},"26":{"type":"branch","line":76,"loc":{"start":{"line":76,"column":0},"end":{"line":86,"column":1}},"locations":[{"start":{"line":76,"column":0},"end":{"line":86,"column":1}}]},"27":{"type":"branch","line":82,"loc":{"start":{"line":82,"column":7},"end":{"line":82,"column":70}},"locations":[{"start":{"line":82,"column":7},"end":{"line":82,"column":70}}]},"28":{"type":"branch","line":82,"loc":{"start":{"line":82,"column":70},"end":{"line":86,"column":1}},"locations":[{"start":{"line":82,"column":70},"end":{"line":86,"column":1}}]},"29":{"type":"branch","line":82,"loc":{"start":{"line":82,"column":70},"end":{"line":84,"column":3}},"locations":[{"start":{"line":82,"column":70},"end":{"line":84,"column":3}}]},"30":{"type":"branch","line":84,"loc":{"start":{"line":84,"column":2},"end":{"line":86,"column":1}},"locations":[{"start":{"line":84,"column":2},"end":{"line":86,"column":1}}]}},"b":{"0":[100],"1":[0],"2":[0],"3":[0],"4":[0],"5":[66],"6":[46],"7":[20],"8":[73],"9":[37],"10":[37],"11":[9],"12":[27],"13":[10],"14":[10],"15":[29],"16":[27],"17":[23],"18":[30],"19":[1],"20":[22],"21":[5],"22":[22],"23":[76],"24":[3],"25":[73],"26":[9],"27":[8],"28":[6],"29":[4],"30":[5]},"fnMap":{"0":{"name":"secretKey","decl":{"start":{"line":10,"column":7},"end":{"line":17,"column":1}},"loc":{"start":{"line":10,"column":7},"end":{"line":17,"column":1}},"line":10},"1":{"name":"sign","decl":{"start":{"line":19,"column":0},"end":{"line":25,"column":1}},"loc":{"start":{"line":19,"column":0},"end":{"line":25,"column":1}},"line":19},"2":{"name":"signAccessToken","decl":{"start":{"line":27,"column":31},"end":{"line":28,"column":51}},"loc":{"start":{"line":27,"column":31},"end":{"line":28,"column":51}},"line":27},"3":{"name":"signRefreshToken","decl":{"start":{"line":30,"column":32},"end":{"line":31,"column":53}},"loc":{"start":{"line":30,"column":32},"end":{"line":31,"column":53}},"line":30},"4":{"name":"hashPassword","decl":{"start":{"line":33,"column":0},"end":{"line":35,"column":1}},"loc":{"start":{"line":33,"column":0},"end":{"line":35,"column":1}},"line":33},"5":{"name":"requireAuth","decl":{"start":{"line":39,"column":7},"end":{"line":53,"column":1}},"loc":{"start":{"line":39,"column":7},"end":{"line":53,"column":1}},"line":39},"6":{"name":"register","decl":{"start":{"line":56,"column":0},"end":{"line":73,"column":1}},"loc":{"start":{"line":56,"column":0},"end":{"line":73,"column":1}},"line":56},"7":{"name":"login","decl":{"start":{"line":76,"column":0},"end":{"line":86,"column":1}},"loc":{"start":{"line":76,"column":0},"end":{"line":86,"column":1}},"line":76}},"f":{"0":100,"1":66,"2":46,"3":20,"4":73,"5":37,"6":76,"7":9}}
,"C:\\Users\\s.jumamuratov\\Projects\\mafsar\\server\\src\\db.ts": {"path":"C:\\Users\\s.jumamuratov\\Projects\\mafsar\\server\\src\\db.ts","all":false,"statementMap":{"0":{"start":{"line":1,"column":0},"end":{"line":1,"column":59}},"8":{"start":{"line":9,"column":0},"end":{"line":9,"column":42}},"9":{"start":{"line":10,"column":0},"end":{"line":10,"column":23}},"10":{"start":{"line":11,"column":0},"end":{"line":11,"column":67}},"11":{"start":{"line":12,"column":0},"end":{"line":12,"column":44}},"12":{"start":{"line":13,"column":0},"end":{"line":13,"column":5}},"13":{"start":{"line":14,"column":0},"end":{"line":14,"column":1}},"16":{"start":{"line":17,"column":0},"end":{"line":17,"column":103}},"17":{"start":{"line":18,"column":0},"end":{"line":18,"column":61}},"18":{"start":{"line":19,"column":0},"end":{"line":19,"column":38}},"19":{"start":{"line":20,"column":0},"end":{"line":20,"column":1}},"20":{"start":{"line":21,"column":0},"end":{"line":21,"column":93}},"21":{"start":{"line":22,"column":0},"end":{"line":22,"column":61}},"22":{"start":{"line":23,"column":0},"end":{"line":23,"column":25}},"23":{"start":{"line":24,"column":0},"end":{"line":24,"column":1}},"24":{"start":{"line":25,"column":0},"end":{"line":25,"column":87}},"25":{"start":{"line":26,"column":0},"end":{"line":26,"column":61}},"26":{"start":{"line":27,"column":0},"end":{"line":27,"column":39}},"27":{"start":{"line":28,"column":0},"end":{"line":28,"column":1}},"32":{"start":{"line":33,"column":0},"end":{"line":33,"column":30}},"33":{"start":{"line":34,"column":0},"end":{"line":34,"column":3}},"42":{"start":{"line":43,"column":0},"end":{"line":43,"column":3}},"57":{"start":{"line":58,"column":0},"end":{"line":58,"column":3}},"73":{"start":{"line":74,"column":0},"end":{"line":74,"column":3}},"87":{"start":{"line":88,"column":0},"end":{"line":88,"column":3}},"95":{"start":{"line":96,"column":0},"end":{"line":96,"column":3}},"107":{"start":{"line":108,"column":0},"end":{"line":108,"column":2}},"109":{"start":{"line":110,"column":0},"end":{"line":110,"column":54}},"110":{"start":{"line":111,"column":0},"end":{"line":111,"column":19}},"111":{"start":{"line":112,"column":0},"end":{"line":112,"column":93}},"112":{"start":{"line":113,"column":0},"end":{"line":113,"column":4}},"113":{"start":{"line":114,"column":0},"end":{"line":114,"column":62}},"114":{"start":{"line":115,"column":0},"end":{"line":115,"column":65}},"115":{"start":{"line":116,"column":0},"end":{"line":116,"column":47}},"116":{"start":{"line":117,"column":0},"end":{"line":117,"column":30}},"117":{"start":{"line":118,"column":0},"end":{"line":118,"column":36}},"118":{"start":{"line":119,"column":0},"end":{"line":119,"column":80}},"119":{"start":{"line":120,"column":0},"end":{"line":120,"column":19}},"120":{"start":{"line":121,"column":0},"end":{"line":121,"column":7}},"123":{"start":{"line":124,"column":0},"end":{"line":124,"column":17}},"124":{"start":{"line":125,"column":0},"end":{"line":125,"column":115}},"125":{"start":{"line":126,"column":0},"end":{"line":126,"column":8}},"126":{"start":{"line":127,"column":0},"end":{"line":127,"column":13}},"127":{"start":{"line":128,"column":0},"end":{"line":128,"column":6}},"128":{"start":{"line":129,"column":0},"end":{"line":129,"column":3}},"129":{"start":{"line":130,"column":0},"end":{"line":130,"column":1}},"131":{"start":{"line":132,"column":0},"end":{"line":132,"column":38}},"132":{"start":{"line":133,"column":0},"end":{"line":133,"column":53}}},"s":{"0":1,"8":1,"9":81,"10":81,"11":81,"12":81,"13":81,"16":130,"17":130,"18":130,"19":130,"20":196,"21":196,"22":196,"23":196,"24":143,"25":143,"26":143,"27":143,"32":1,"33":1,"42":1,"57":1,"73":1,"87":1,"95":1,"107":1,"109":82,"110":82,"111":82,"112":82,"113":82,"114":82,"115":82,"116":492,"117":492,"118":486,"119":486,"120":486,"123":486,"124":486,"125":486,"126":486,"127":486,"128":486,"129":492,"131":1,"132":1},"branchMap":{"0":{"type":"branch","line":9,"loc":{"start":{"line":9,"column":7},"end":{"line":14,"column":1}},"locations":[{"start":{"line":9,"column":7},"end":{"line":14,"column":1}}]},"1":{"type":"branch","line":11,"loc":{"start":{"line":11,"column":9},"end":{"line":11,"column":50}},"locations":[{"start":{"line":11,"column":9},"end":{"line":11,"column":50}}]},"2":{"type":"branch","line":11,"loc":{"start":{"line":11,"column":28},"end":{"line":11,"column":67}},"locations":[{"start":{"line":11,"column":28},"end":{"line":11,"column":67}}]},"3":{"type":"branch","line":17,"loc":{"start":{"line":17,"column":0},"end":{"line":20,"column":1}},"locations":[{"start":{"line":17,"column":0},"end":{"line":20,"column":1}}]},"4":{"type":"branch","line":21,"loc":{"start":{"line":21,"column":0},"end":{"line":24,"column":1}},"locations":[{"start":{"line":21,"column":0},"end":{"line":24,"column":1}}]},"5":{"type":"branch","line":25,"loc":{"start":{"line":25,"column":0},"end":{"line":28,"column":1}},"locations":[{"start":{"line":25,"column":0},"end":{"line":28,"column":1}}]},"6":{"type":"branch","line":26,"loc":{"start":{"line":26,"column":59},"end":{"line":27,"column":37}},"locations":[{"start":{"line":26,"column":59},"end":{"line":27,"column":37}}]},"7":{"type":"branch","line":27,"loc":{"start":{"line":27,"column":20},"end":{"line":27,"column":37}},"locations":[{"start":{"line":27,"column":20},"end":{"line":27,"column":37}}]},"8":{"type":"branch","line":110,"loc":{"start":{"line":110,"column":0},"end":{"line":130,"column":1}},"locations":[{"start":{"line":110,"column":0},"end":{"line":130,"column":1}}]},"9":{"type":"branch","line":116,"loc":{"start":{"line":116,"column":46},"end":{"line":130,"column":1}},"locations":[{"start":{"line":116,"column":46},"end":{"line":130,"column":1}}]},"10":{"type":"branch","line":118,"loc":{"start":{"line":118,"column":27},"end":{"line":118,"column":36}},"locations":[{"start":{"line":118,"column":27},"end":{"line":118,"column":36}}]},"11":{"type":"branch","line":118,"loc":{"start":{"line":118,"column":27},"end":{"line":129,"column":3}},"locations":[{"start":{"line":118,"column":27},"end":{"line":129,"column":3}}]},"12":{"type":"branch","line":115,"loc":{"start":{"line":115,"column":39},"end":{"line":115,"column":62}},"locations":[{"start":{"line":115,"column":39},"end":{"line":115,"column":62}}]},"13":{"type":"branch","line":119,"loc":{"start":{"line":119,"column":47},"end":{"line":119,"column":62}},"locations":[{"start":{"line":119,"column":47},"end":{"line":119,"column":62}}]},"14":{"type":"branch","line":132,"loc":{"start":{"line":132,"column":19},"end":{"line":132,"column":38}},"locations":[{"start":{"line":132,"column":19},"end":{"line":132,"column":38}}]},"15":{"type":"branch","line":133,"loc":{"start":{"line":133,"column":22},"end":{"line":133,"column":53}},"locations":[{"start":{"line":133,"column":22},"end":{"line":133,"column":53}}]}},"b":{"0":[81],"1":[0],"2":[0],"3":[130],"4":[196],"5":[143],"6":[142],"7":[0],"8":[82],"9":[492],"10":[6],"11":[486],"12":[6],"13":[1377],"14":[73],"15":[83]},"fnMap":{"0":{"name":"openDB","decl":{"start":{"line":9,"column":7},"end":{"line":14,"column":1}},"loc":{"start":{"line":9,"column":7},"end":{"line":14,"column":1}},"line":9},"1":{"name":"one","decl":{"start":{"line":17,"column":0},"end":{"line":20,"column":1}},"loc":{"start":{"line":17,"column":0},"end":{"line":20,"column":1}},"line":17},"2":{"name":"all","decl":{"start":{"line":21,"column":0},"end":{"line":24,"column":1}},"loc":{"start":{"line":21,"column":0},"end":{"line":24,"column":1}},"line":21},"3":{"name":"run","decl":{"start":{"line":25,"column":0},"end":{"line":28,"column":1}},"loc":{"start":{"line":25,"column":0},"end":{"line":28,"column":1}},"line":25},"4":{"name":"migrate","decl":{"start":{"line":110,"column":0},"end":{"line":130,"column":1}},"loc":{"start":{"line":110,"column":0},"end":{"line":130,"column":1}},"line":110},"5":{"name":"uid","decl":{"start":{"line":132,"column":19},"end":{"line":132,"column":38}},"loc":{"start":{"line":132,"column":19},"end":{"line":132,"column":38}},"line":132},"6":{"name":"nowISO","decl":{"start":{"line":133,"column":22},"end":{"line":133,"column":53}},"loc":{"start":{"line":133,"column":22},"end":{"line":133,"column":53}},"line":133}},"f":{"0":81,"1":130,"2":196,"3":143,"4":82,"5":73,"6":83}}
,"C:\\Users\\s.jumamuratov\\Projects\\mafsar\\server\\src\\index.ts": {"path":"C:\\Users\\s.jumamuratov\\Projects\\mafsar\\server\\src\\index.ts","all":true,"statementMap":{"0":{"start":{"line":1,"column":0},"end":{"line":1,"column":42}},"1":{"start":{"line":2,"column":0},"end":{"line":2,"column":51}},"2":{"start":{"line":3,"column":0},"end":{"line":3,"column":42}},"3":{"start":{"line":4,"column":0},"end":{"line":4,"column":37}},"6":{"start":{"line":7,"column":0},"end":{"line":7,"column":25}},"7":{"start":{"line":8,"column":0},"end":{"line":8,"column":67}},"8":{"start":{"line":9,"column":0},"end":{"line":9,"column":45}},"9":{"start":{"line":10,"column":0},"end":{"line":10,"column":58}},"10":{"start":{"line":11,"column":0},"end":{"line":11,"column":3}},"11":{"start":{"line":12,"column":0},"end":{"line":12,"column":1}},"13":{"start":{"line":14,"column":0},"end":{"line":14,"column":20}},"14":{"start":{"line":15,"column":0},"end":{"line":15,"column":72}},"15":{"start":{"line":16,"column":0},"end":{"line":16,"column":26}},"17":{"start":{"line":18,"column":0},"end":{"line":18,"column":70}},"18":{"start":{"line":19,"column":0},"end":{"line":19,"column":45}},"19":{"start":{"line":20,"column":0},"end":{"line":20,"column":74}},"20":{"start":{"line":21,"column":0},"end":{"line":21,"column":3}}},"s":{"0":0,"1":0,"2":0,"3":0,"6":0,"7":0,"8":0,"9":0,"10":0,"11":0,"13":0,"14":0,"15":0,"17":0,"18":0,"19":0,"20":0},"branchMap":{"0":{"type":"branch","line":1,"loc":{"start":{"line":1,"column":0},"end":{"line":21,"column":-277}},"locations":[{"start":{"line":1,"column":0},"end":{"line":21,"column":-277}}]}},"b":{"0":[0]},"fnMap":{"0":{"name":"(empty-report)","decl":{"start":{"line":1,"column":0},"end":{"line":21,"column":-277}},"loc":{"start":{"line":1,"column":0},"end":{"line":21,"column":-277}},"line":1}},"f":{"0":0}}
,"C:\\Users\\s.jumamuratov\\Projects\\mafsar\\server\\src\\llm.ts": {"path":"C:\\Users\\s.jumamuratov\\Projects\\mafsar\\server\\src\\llm.ts","all":false,"statementMap":{"0":{"start":{"line":1,"column":0},"end":{"line":1,"column":75}},"12":{"start":{"line":13,"column":0},"end":{"line":13,"column":37}},"13":{"start":{"line":14,"column":0},"end":{"line":14,"column":26}},"14":{"start":{"line":15,"column":0},"end":{"line":15,"column":46}},"15":{"start":{"line":16,"column":0},"end":{"line":16,"column":19}},"16":{"start":{"line":17,"column":0},"end":{"line":17,"column":27}},"17":{"start":{"line":18,"column":0},"end":{"line":18,"column":25}},"18":{"start":{"line":19,"column":0},"end":{"line":19,"column":3}},"19":{"start":{"line":20,"column":0},"end":{"line":20,"column":1}},"48":{"start":{"line":49,"column":0},"end":{"line":49,"column":69}},"49":{"start":{"line":50,"column":0},"end":{"line":50,"column":58}},"51":{"start":{"line":52,"column":0},"end":{"line":52,"column":45}},"52":{"start":{"line":53,"column":0},"end":{"line":53,"column":11}},"53":{"start":{"line":54,"column":0},"end":{"line":54,"column":37}},"54":{"start":{"line":55,"column":0},"end":{"line":55,"column":51}},"55":{"start":{"line":56,"column":0},"end":{"line":56,"column":14}},"56":{"start":{"line":57,"column":0},"end":{"line":57,"column":116}},"57":{"start":{"line":58,"column":0},"end":{"line":58,"column":82}},"58":{"start":{"line":59,"column":0},"end":{"line":59,"column":15}},"59":{"start":{"line":60,"column":0},"end":{"line":60,"column":60}},"60":{"start":{"line":61,"column":0},"end":{"line":61,"column":64}},"61":{"start":{"line":62,"column":0},"end":{"line":62,"column":29}},"62":{"start":{"line":63,"column":0},"end":{"line":63,"column":29}},"63":{"start":{"line":64,"column":0},"end":{"line":64,"column":49}},"64":{"start":{"line":65,"column":0},"end":{"line":65,"column":47}},"65":{"start":{"line":66,"column":0},"end":{"line":66,"column":12}},"66":{"start":{"line":67,"column":0},"end":{"line":67,"column":10}},"67":{"start":{"line":68,"column":0},"end":{"line":68,"column":8}},"68":{"start":{"line":69,"column":0},"end":{"line":69,"column":6}},"69":{"start":{"line":70,"column":0},"end":{"line":70,"column":106}},"70":{"start":{"line":71,"column":0},"end":{"line":71,"column":71}},"71":{"start":{"line":72,"column":0},"end":{"line":72,"column":4}},"72":{"start":{"line":73,"column":0},"end":{"line":73,"column":9}},"75":{"start":{"line":76,"column":0},"end":{"line":76,"column":40}},"76":{"start":{"line":77,"column":0},"end":{"line":77,"column":51}},"77":{"start":{"line":78,"column":0},"end":{"line":78,"column":14}},"78":{"start":{"line":79,"column":0},"end":{"line":79,"column":63}},"79":{"start":{"line":80,"column":0},"end":{"line":80,"column":91}},"80":{"start":{"line":81,"column":0},"end":{"line":81,"column":15}},"81":{"start":{"line":82,"column":0},"end":{"line":82,"column":16}},"82":{"start":{"line":83,"column":0},"end":{"line":83,"column":27}},"83":{"start":{"line":84,"column":0},"end":{"line":84,"column":51}},"84":{"start":{"line":85,"column":0},"end":{"line":85,"column":51}},"85":{"start":{"line":86,"column":0},"end":{"line":86,"column":21}},"86":{"start":{"line":87,"column":0},"end":{"line":87,"column":48}},"87":{"start":{"line":88,"column":0},"end":{"line":88,"column":44}},"88":{"start":{"line":89,"column":0},"end":{"line":89,"column":12}},"89":{"start":{"line":90,"column":0},"end":{"line":90,"column":10}},"90":{"start":{"line":91,"column":0},"end":{"line":91,"column":8}},"91":{"start":{"line":92,"column":0},"end":{"line":92,"column":6}},"92":{"start":{"line":93,"column":0},"end":{"line":93,"column":64}},"93":{"start":{"line":94,"column":0},"end":{"line":94,"column":71}},"94":{"start":{"line":95,"column":0},"end":{"line":95,"column":4}},"95":{"start":{"line":96,"column":0},"end":{"line":96,"column":14}},"96":{"start":{"line":97,"column":0},"end":{"line":97,"column":36}},"97":{"start":{"line":98,"column":0},"end":{"line":98,"column":51}},"98":{"start":{"line":99,"column":0},"end":{"line":99,"column":14}},"99":{"start":{"line":100,"column":0},"end":{"line":100,"column":53}},"100":{"start":{"line":101,"column":0},"end":{"line":101,"column":18}},"101":{"start":{"line":102,"column":0},"end":{"line":102,"column":45}},"102":{"start":{"line":103,"column":0},"end":{"line":103,"column":30}},"103":{"start":{"line":104,"column":0},"end":{"line":104,"column":44}},"104":{"start":{"line":105,"column":0},"end":{"line":105,"column":10}},"105":{"start":{"line":106,"column":0},"end":{"line":106,"column":108}},"106":{"start":{"line":107,"column":0},"end":{"line":107,"column":8}},"107":{"start":{"line":108,"column":0},"end":{"line":108,"column":6}},"108":{"start":{"line":109,"column":0},"end":{"line":109,"column":114}},"109":{"start":{"line":110,"column":0},"end":{"line":110,"column":71}},"110":{"start":{"line":111,"column":0},"end":{"line":111,"column":4}},"111":{"start":{"line":112,"column":0},"end":{"line":112,"column":2}},"113":{"start":{"line":114,"column":0},"end":{"line":114,"column":71}},"114":{"start":{"line":115,"column":0},"end":{"line":115,"column":60}},"115":{"start":{"line":116,"column":0},"end":{"line":116,"column":63}},"116":{"start":{"line":117,"column":0},"end":{"line":117,"column":41}},"117":{"start":{"line":118,"column":0},"end":{"line":118,"column":91}},"118":{"start":{"line":119,"column":0},"end":{"line":119,"column":63}},"119":{"start":{"line":120,"column":0},"end":{"line":120,"column":69}},"120":{"start":{"line":121,"column":0},"end":{"line":121,"column":36}},"121":{"start":{"line":122,"column":0},"end":{"line":122,"column":19}},"122":{"start":{"line":123,"column":0},"end":{"line":123,"column":25}},"123":{"start":{"line":124,"column":0},"end":{"line":124,"column":35}},"124":{"start":{"line":125,"column":0},"end":{"line":125,"column":5}},"125":{"start":{"line":126,"column":0},"end":{"line":126,"column":16}},"126":{"start":{"line":127,"column":0},"end":{"line":127,"column":25}},"127":{"start":{"line":128,"column":0},"end":{"line":128,"column":59}},"130":{"start":{"line":131,"column":0},"end":{"line":131,"column":23}},"131":{"start":{"line":132,"column":0},"end":{"line":132,"column":100}},"132":{"start":{"line":133,"column":0},"end":{"line":133,"column":9}},"133":{"start":{"line":134,"column":0},"end":{"line":134,"column":6}},"134":{"start":{"line":135,"column":0},"end":{"line":135,"column":3}},"135":{"start":{"line":136,"column":0},"end":{"line":136,"column":48}},"136":{"start":{"line":137,"column":0},"end":{"line":137,"column":1}},"140":{"start":{"line":141,"column":0},"end":{"line":141,"column":103}},"148":{"start":{"line":149,"column":0},"end":{"line":149,"column":95}},"150":{"start":{"line":151,"column":0},"end":{"line":151,"column":96}},"164":{"start":{"line":165,"column":0},"end":{"line":165,"column":92}},"174":{"start":{"line":175,"column":0},"end":{"line":175,"column":95}},"187":{"start":{"line":188,"column":0},"end":{"line":188,"column":96}},"197":{"start":{"line":198,"column":0},"end":{"line":198,"column":96}},"204":{"start":{"line":205,"column":0},"end":{"line":205,"column":47}},"205":{"start":{"line":206,"column":0},"end":{"line":206,"column":60}},"206":{"start":{"line":207,"column":0},"end":{"line":207,"column":45}},"207":{"start":{"line":208,"column":0},"end":{"line":208,"column":39}},"208":{"start":{"line":209,"column":0},"end":{"line":209,"column":41}},"209":{"start":{"line":210,"column":0},"end":{"line":210,"column":87}},"210":{"start":{"line":211,"column":0},"end":{"line":211,"column":53}},"211":{"start":{"line":212,"column":0},"end":{"line":212,"column":1}},"213":{"start":{"line":214,"column":0},"end":{"line":214,"column":69}},"214":{"start":{"line":215,"column":0},"end":{"line":215,"column":23}},"215":{"start":{"line":216,"column":0},"end":{"line":216,"column":49}},"216":{"start":{"line":217,"column":0},"end":{"line":217,"column":44}},"217":{"start":{"line":218,"column":0},"end":{"line":218,"column":9}},"218":{"start":{"line":219,"column":0},"end":{"line":219,"column":30}},"219":{"start":{"line":220,"column":0},"end":{"line":220,"column":17}},"220":{"start":{"line":221,"column":0},"end":{"line":221,"column":18}},"221":{"start":{"line":222,"column":0},"end":{"line":222,"column":5}},"222":{"start":{"line":223,"column":0},"end":{"line":223,"column":3}},"223":{"start":{"line":224,"column":0},"end":{"line":224,"column":110}},"224":{"start":{"line":225,"column":0},"end":{"line":225,"column":1}},"226":{"start":{"line":227,"column":0},"end":{"line":227,"column":73}},"227":{"start":{"line":228,"column":0},"end":{"line":228,"column":100}},"228":{"start":{"line":229,"column":0},"end":{"line":229,"column":1}},"235":{"start":{"line":236,"column":0},"end":{"line":236,"column":84}},"236":{"start":{"line":237,"column":0},"end":{"line":237,"column":122}},"237":{"start":{"line":238,"column":0},"end":{"line":238,"column":23}},"238":{"start":{"line":239,"column":0},"end":{"line":239,"column":49}},"239":{"start":{"line":240,"column":0},"end":{"line":240,"column":57}},"240":{"start":{"line":241,"column":0},"end":{"line":241,"column":65}},"241":{"start":{"line":242,"column":0},"end":{"line":242,"column":49}},"242":{"start":{"line":243,"column":0},"end":{"line":243,"column":93}},"243":{"start":{"line":244,"column":0},"end":{"line":244,"column":53}},"244":{"start":{"line":245,"column":0},"end":{"line":245,"column":88}},"245":{"start":{"line":246,"column":0},"end":{"line":246,"column":25}},"246":{"start":{"line":247,"column":0},"end":{"line":247,"column":25}},"247":{"start":{"line":248,"column":0},"end":{"line":248,"column":23}},"248":{"start":{"line":249,"column":0},"end":{"line":249,"column":39}},"249":{"start":{"line":250,"column":0},"end":{"line":250,"column":83}},"250":{"start":{"line":251,"column":0},"end":{"line":251,"column":52}},"251":{"start":{"line":252,"column":0},"end":{"line":252,"column":10}},"252":{"start":{"line":253,"column":0},"end":{"line":253,"column":70}},"253":{"start":{"line":254,"column":0},"end":{"line":254,"column":59}},"254":{"start":{"line":255,"column":0},"end":{"line":255,"column":3}},"255":{"start":{"line":256,"column":0},"end":{"line":256,"column":98}},"256":{"start":{"line":257,"column":0},"end":{"line":257,"column":1}},"258":{"start":{"line":259,"column":0},"end":{"line":259,"column":88}},"259":{"start":{"line":260,"column":0},"end":{"line":260,"column":123}},"260":{"start":{"line":261,"column":0},"end":{"line":261,"column":52}},"261":{"start":{"line":262,"column":0},"end":{"line":262,"column":82}},"262":{"start":{"line":263,"column":0},"end":{"line":263,"column":10}},"263":{"start":{"line":264,"column":0},"end":{"line":264,"column":10}},"264":{"start":{"line":265,"column":0},"end":{"line":265,"column":80}},"265":{"start":{"line":266,"column":0},"end":{"line":266,"column":44}},"266":{"start":{"line":267,"column":0},"end":{"line":267,"column":4}},"267":{"start":{"line":268,"column":0},"end":{"line":268,"column":1}},"269":{"start":{"line":270,"column":0},"end":{"line":270,"column":80}},"270":{"start":{"line":271,"column":0},"end":{"line":271,"column":128}},"271":{"start":{"line":272,"column":0},"end":{"line":272,"column":59}},"272":{"start":{"line":273,"column":0},"end":{"line":273,"column":100}},"273":{"start":{"line":274,"column":0},"end":{"line":274,"column":78}},"274":{"start":{"line":275,"column":0},"end":{"line":275,"column":1}},"276":{"start":{"line":277,"column":0},"end":{"line":277,"column":89}},"277":{"start":{"line":278,"column":0},"end":{"line":278,"column":107}},"278":{"start":{"line":279,"column":0},"end":{"line":279,"column":56}},"279":{"start":{"line":280,"column":0},"end":{"line":280,"column":10}},"280":{"start":{"line":281,"column":0},"end":{"line":281,"column":42}},"281":{"start":{"line":282,"column":0},"end":{"line":282,"column":64}},"282":{"start":{"line":283,"column":0},"end":{"line":283,"column":4}},"283":{"start":{"line":284,"column":0},"end":{"line":284,"column":1}},"286":{"start":{"line":287,"column":0},"end":{"line":287,"column":69}},"287":{"start":{"line":288,"column":0},"end":{"line":288,"column":73}},"288":{"start":{"line":289,"column":0},"end":{"line":289,"column":104}},"289":{"start":{"line":290,"column":0},"end":{"line":290,"column":52}},"290":{"start":{"line":291,"column":0},"end":{"line":291,"column":97}},"291":{"start":{"line":292,"column":0},"end":{"line":292,"column":64}},"292":{"start":{"line":293,"column":0},"end":{"line":293,"column":61}},"293":{"start":{"line":294,"column":0},"end":{"line":294,"column":1}}},"s":{"0":1,"12":1,"13":1,"14":1,"15":7,"16":7,"17":7,"18":7,"19":1,"48":1,"49":1,"51":1,"52":1,"53":1,"54":1,"55":25,"56":25,"57":25,"58":25,"59":25,"60":25,"61":25,"62":25,"63":25,"64":25,"65":25,"66":25,"67":25,"68":25,"69":1,"70":1,"71":1,"72":1,"75":1,"76":1,"77":4,"78":4,"79":4,"80":4,"81":4,"82":4,"83":4,"84":4,"85":4,"86":4,"87":4,"88":4,"89":4,"90":4,"91":4,"92":1,"93":1,"94":1,"95":1,"96":1,"97":1,"98":2,"99":2,"100":2,"101":2,"102":2,"103":2,"104":2,"105":2,"106":2,"107":2,"108":1,"109":1,"110":1,"111":1,"113":32,"114":32,"115":32,"116":32,"117":32,"118":31,"119":32,"120":32,"121":32,"122":32,"123":32,"124":32,"125":32,"126":6,"127":6,"130":6,"131":6,"132":6,"133":6,"134":6,"135":30,"136":21,"140":1,"148":1,"150":1,"164":1,"174":1,"187":1,"197":1,"204":1,"205":25,"206":25,"207":25,"208":25,"209":25,"210":21,"211":21,"213":29,"214":29,"215":29,"216":32,"217":21,"218":21,"219":29,"220":3,"221":3,"222":32,"223":29,"224":29,"226":20,"227":20,"228":20,"235":18,"236":18,"237":18,"238":18,"239":18,"240":15,"241":18,"242":18,"243":18,"244":18,"245":18,"246":8,"247":8,"248":8,"249":8,"250":8,"251":18,"252":18,"253":0,"254":0,"255":18,"256":18,"258":4,"259":4,"260":4,"261":4,"262":4,"263":4,"264":4,"265":4,"266":4,"267":4,"269":2,"270":2,"271":2,"272":2,"273":2,"274":2,"276":2,"277":2,"278":2,"279":2,"280":2,"281":2,"282":2,"283":2,"286":3,"287":3,"288":3,"289":3,"290":3,"291":3,"292":2,"293":2},"branchMap":{"0":{"type":"branch","line":14,"loc":{"start":{"line":14,"column":11},"end":{"line":14,"column":26}},"locations":[{"start":{"line":14,"column":11},"end":{"line":14,"column":26}}]},"1":{"type":"branch","line":15,"loc":{"start":{"line":15,"column":2},"end":{"line":19,"column":3}},"locations":[{"start":{"line":15,"column":2},"end":{"line":19,"column":3}}]},"2":{"type":"branch","line":55,"loc":{"start":{"line":55,"column":4},"end":{"line":69,"column":6}},"locations":[{"start":{"line":55,"column":4},"end":{"line":69,"column":6}}]},"3":{"type":"branch","line":70,"loc":{"start":{"line":70,"column":17},"end":{"line":70,"column":106}},"locations":[{"start":{"line":70,"column":17},"end":{"line":70,"column":106}}]},"4":{"type":"branch","line":70,"loc":{"start":{"line":70,"column":28},"end":{"line":70,"column":63}},"locations":[{"start":{"line":70,"column":28},"end":{"line":70,"column":63}}]},"5":{"type":"branch","line":70,"loc":{"start":{"line":70,"column":54},"end":{"line":70,"column":67}},"locations":[{"start":{"line":70,"column":54},"end":{"line":70,"column":67}}]},"6":{"type":"branch","line":70,"loc":{"start":{"line":70,"column":71},"end":{"line":70,"column":95}},"locations":[{"start":{"line":70,"column":71},"end":{"line":70,"column":95}}]},"7":{"type":"branch","line":70,"loc":{"start":{"line":70,"column":85},"end":{"line":70,"column":95}},"locations":[{"start":{"line":70,"column":85},"end":{"line":70,"column":95}}]},"8":{"type":"branch","line":71,"loc":{"start":{"line":71,"column":18},"end":{"line":71,"column":71}},"locations":[{"start":{"line":71,"column":18},"end":{"line":71,"column":71}}]},"9":{"type":"branch","line":71,"loc":{"start":{"line":71,"column":33},"end":{"line":71,"column":54}},"locations":[{"start":{"line":71,"column":33},"end":{"line":71,"column":54}}]},"10":{"type":"branch","line":71,"loc":{"start":{"line":71,"column":43},"end":{"line":71,"column":71}},"locations":[{"start":{"line":71,"column":43},"end":{"line":71,"column":71}}]},"11":{"type":"branch","line":77,"loc":{"start":{"line":77,"column":4},"end":{"line":92,"column":6}},"locations":[{"start":{"line":77,"column":4},"end":{"line":92,"column":6}}]},"12":{"type":"branch","line":93,"loc":{"start":{"line":93,"column":17},"end":{"line":93,"column":64}},"locations":[{"start":{"line":93,"column":17},"end":{"line":93,"column":64}}]},"13":{"type":"branch","line":93,"loc":{"start":{"line":93,"column":50},"end":{"line":93,"column":64}},"locations":[{"start":{"line":93,"column":50},"end":{"line":93,"column":64}}]},"14":{"type":"branch","line":94,"loc":{"start":{"line":94,"column":18},"end":{"line":94,"column":71}},"locations":[{"start":{"line":94,"column":18},"end":{"line":94,"column":71}}]},"15":{"type":"branch","line":94,"loc":{"start":{"line":94,"column":43},"end":{"line":94,"column":71}},"locations":[{"start":{"line":94,"column":43},"end":{"line":94,"column":71}}]},"16":{"type":"branch","line":98,"loc":{"start":{"line":98,"column":4},"end":{"line":108,"column":6}},"locations":[{"start":{"line":98,"column":4},"end":{"line":108,"column":6}}]},"17":{"type":"branch","line":109,"loc":{"start":{"line":109,"column":17},"end":{"line":109,"column":114}},"locations":[{"start":{"line":109,"column":17},"end":{"line":109,"column":114}}]},"18":{"type":"branch","line":109,"loc":{"start":{"line":109,"column":28},"end":{"line":109,"column":43}},"locations":[{"start":{"line":109,"column":28},"end":{"line":109,"column":43}}]},"19":{"type":"branch","line":109,"loc":{"start":{"line":109,"column":50},"end":{"line":109,"column":79}},"locations":[{"start":{"line":109,"column":50},"end":{"line":109,"column":79}}]},"20":{"type":"branch","line":109,"loc":{"start":{"line":109,"column":85},"end":{"line":109,"column":103}},"locations":[{"start":{"line":109,"column":85},"end":{"line":109,"column":103}}]},"21":{"type":"branch","line":114,"loc":{"start":{"line":114,"column":0},"end":{"line":137,"column":1}},"locations":[{"start":{"line":114,"column":0},"end":{"line":137,"column":1}}]},"22":{"type":"branch","line":115,"loc":{"start":{"line":115,"column":35},"end":{"line":115,"column":60}},"locations":[{"start":{"line":115,"column":35},"end":{"line":115,"column":60}}]},"23":{"type":"branch","line":116,"loc":{"start":{"line":116,"column":41},"end":{"line":116,"column":63}},"locations":[{"start":{"line":116,"column":41},"end":{"line":116,"column":63}}]},"24":{"type":"branch","line":118,"loc":{"start":{"line":118,"column":15},"end":{"line":118,"column":91}},"locations":[{"start":{"line":118,"column":15},"end":{"line":118,"column":91}}]},"25":{"type":"branch","line":118,"loc":{"start":{"line":118,"column":89},"end":{"line":119,"column":63}},"locations":[{"start":{"line":118,"column":89},"end":{"line":119,"column":63}}]},"26":{"type":"branch","line":125,"loc":{"start":{"line":125,"column":3},"end":{"line":126,"column":15}},"locations":[{"start":{"line":125,"column":3},"end":{"line":126,"column":15}}]},"27":{"type":"branch","line":126,"loc":{"start":{"line":126,"column":15},"end":{"line":135,"column":3}},"locations":[{"start":{"line":126,"column":15},"end":{"line":135,"column":3}}]},"28":{"type":"branch","line":128,"loc":{"start":{"line":128,"column":32},"end":{"line":128,"column":59}},"locations":[{"start":{"line":128,"column":32},"end":{"line":128,"column":59}}]},"29":{"type":"branch","line":128,"loc":{"start":{"line":128,"column":35},"end":{"line":128,"column":59}},"locations":[{"start":{"line":128,"column":35},"end":{"line":128,"column":59}}]},"30":{"type":"branch","line":135,"loc":{"start":{"line":135,"column":2},"end":{"line":137,"column":1}},"locations":[{"start":{"line":135,"column":2},"end":{"line":137,"column":1}}]},"31":{"type":"branch","line":135,"loc":{"start":{"line":135,"column":2},"end":{"line":136,"column":46}},"locations":[{"start":{"line":135,"column":2},"end":{"line":136,"column":46}}]},"32":{"type":"branch","line":136,"loc":{"start":{"line":136,"column":46},"end":{"line":137,"column":1}},"locations":[{"start":{"line":136,"column":46},"end":{"line":137,"column":1}}]},"33":{"type":"branch","line":205,"loc":{"start":{"line":205,"column":7},"end":{"line":212,"column":1}},"locations":[{"start":{"line":205,"column":7},"end":{"line":212,"column":1}}]},"34":{"type":"branch","line":207,"loc":{"start":{"line":207,"column":20},"end":{"line":207,"column":41}},"locations":[{"start":{"line":207,"column":20},"end":{"line":207,"column":41}}]},"35":{"type":"branch","line":207,"loc":{"start":{"line":207,"column":37},"end":{"line":207,"column":45}},"locations":[{"start":{"line":207,"column":37},"end":{"line":207,"column":45}}]},"36":{"type":"branch","line":210,"loc":{"start":{"line":210,"column":16},"end":{"line":210,"column":34}},"locations":[{"start":{"line":210,"column":16},"end":{"line":210,"column":34}}]},"37":{"type":"branch","line":210,"loc":{"start":{"line":210,"column":34},"end":{"line":210,"column":87}},"locations":[{"start":{"line":210,"column":34},"end":{"line":210,"column":87}}]},"38":{"type":"branch","line":210,"loc":{"start":{"line":210,"column":85},"end":{"line":212,"column":1}},"locations":[{"start":{"line":210,"column":85},"end":{"line":212,"column":1}}]},"39":{"type":"branch","line":214,"loc":{"start":{"line":214,"column":0},"end":{"line":225,"column":1}},"locations":[{"start":{"line":214,"column":0},"end":{"line":225,"column":1}}]},"40":{"type":"branch","line":216,"loc":{"start":{"line":216,"column":48},"end":{"line":223,"column":3}},"locations":[{"start":{"line":216,"column":48},"end":{"line":223,"column":3}}]},"41":{"type":"branch","line":217,"loc":{"start":{"line":217,"column":42},"end":{"line":222,"column":5}},"locations":[{"start":{"line":217,"column":42},"end":{"line":222,"column":5}}]},"42":{"type":"branch","line":217,"loc":{"start":{"line":217,"column":42},"end":{"line":220,"column":13}},"locations":[{"start":{"line":217,"column":42},"end":{"line":220,"column":13}}]},"43":{"type":"branch","line":220,"loc":{"start":{"line":220,"column":4},"end":{"line":222,"column":5}},"locations":[{"start":{"line":220,"column":4},"end":{"line":222,"column":5}}]},"44":{"type":"branch","line":223,"loc":{"start":{"line":223,"column":2},"end":{"line":224,"column":97}},"locations":[{"start":{"line":223,"column":2},"end":{"line":224,"column":97}}]},"45":{"type":"branch","line":224,"loc":{"start":{"line":224,"column":87},"end":{"line":224,"column":106}},"locations":[{"start":{"line":224,"column":87},"end":{"line":224,"column":106}}]},"46":{"type":"branch","line":227,"loc":{"start":{"line":227,"column":0},"end":{"line":229,"column":1}},"locations":[{"start":{"line":227,"column":0},"end":{"line":229,"column":1}}]},"47":{"type":"branch","line":228,"loc":{"start":{"line":228,"column":22},"end":{"line":228,"column":85}},"locations":[{"start":{"line":228,"column":22},"end":{"line":228,"column":85}}]},"48":{"type":"branch","line":228,"loc":{"start":{"line":228,"column":52},"end":{"line":228,"column":72}},"locations":[{"start":{"line":228,"column":52},"end":{"line":228,"column":72}}]},"49":{"type":"branch","line":236,"loc":{"start":{"line":236,"column":0},"end":{"line":257,"column":1}},"locations":[{"start":{"line":236,"column":0},"end":{"line":257,"column":1}}]},"50":{"type":"branch","line":240,"loc":{"start":{"line":240,"column":55},"end":{"line":241,"column":65}},"locations":[{"start":{"line":240,"column":55},"end":{"line":241,"column":65}}]},"51":{"type":"branch","line":240,"loc":{"start":{"line":240,"column":55},"end":{"line":241,"column":62}},"locations":[{"start":{"line":240,"column":55},"end":{"line":241,"column":62}}]},"52":{"type":"branch","line":241,"loc":{"start":{"line":241,"column":48},"end":{"line":241,"column":65}},"locations":[{"start":{"line":241,"column":48},"end":{"line":241,"column":65}}]},"53":{"type":"branch","line":244,"loc":{"start":{"line":244,"column":42},"end":{"line":244,"column":53}},"locations":[{"start":{"line":244,"column":42},"end":{"line":244,"column":53}}]},"54":{"type":"branch","line":253,"loc":{"start":{"line":253,"column":19},"end":{"line":253,"column":42}},"locations":[{"start":{"line":253,"column":19},"end":{"line":253,"column":42}}]},"55":{"type":"branch","line":253,"loc":{"start":{"line":253,"column":42},"end":{"line":256,"column":85}},"locations":[{"start":{"line":253,"column":42},"end":{"line":256,"column":85}}]},"56":{"type":"branch","line":253,"loc":{"start":{"line":253,"column":42},"end":{"line":253,"column":70}},"locations":[{"start":{"line":253,"column":42},"end":{"line":253,"column":70}}]},"57":{"type":"branch","line":253,"loc":{"start":{"line":253,"column":68},"end":{"line":256,"column":85}},"locations":[{"start":{"line":253,"column":68},"end":{"line":256,"column":85}}]},"58":{"type":"branch","line":256,"loc":{"start":{"line":256,"column":75},"end":{"line":256,"column":94}},"locations":[{"start":{"line":256,"column":75},"end":{"line":256,"column":94}}]},"59":{"type":"branch","line":242,"loc":{"start":{"line":242,"column":14},"end":{"line":242,"column":48}},"locations":[{"start":{"line":242,"column":14},"end":{"line":242,"column":48}}]},"60":{"type":"branch","line":242,"loc":{"start":{"line":242,"column":33},"end":{"line":242,"column":48}},"locations":[{"start":{"line":242,"column":33},"end":{"line":242,"column":48}}]},"61":{"type":"branch","line":243,"loc":{"start":{"line":243,"column":11},"end":{"line":243,"column":91}},"locations":[{"start":{"line":243,"column":11},"end":{"line":243,"column":91}}]},"62":{"type":"branch","line":245,"loc":{"start":{"line":245,"column":14},"end":{"line":245,"column":87}},"locations":[{"start":{"line":245,"column":14},"end":{"line":245,"column":87}}]},"63":{"type":"branch","line":246,"loc":{"start":{"line":246,"column":11},"end":{"line":252,"column":8}},"locations":[{"start":{"line":246,"column":11},"end":{"line":252,"column":8}}]},"64":{"type":"branch","line":250,"loc":{"start":{"line":250,"column":74},"end":{"line":250,"column":80}},"locations":[{"start":{"line":250,"column":74},"end":{"line":250,"column":80}}]},"65":{"type":"branch","line":251,"loc":{"start":{"line":251,"column":45},"end":{"line":251,"column":52}},"locations":[{"start":{"line":251,"column":45},"end":{"line":251,"column":52}}]},"66":{"type":"branch","line":259,"loc":{"start":{"line":259,"column":0},"end":{"line":268,"column":1}},"locations":[{"start":{"line":259,"column":0},"end":{"line":268,"column":1}}]},"67":{"type":"branch","line":261,"loc":{"start":{"line":261,"column":50},"end":{"line":262,"column":77}},"locations":[{"start":{"line":261,"column":50},"end":{"line":262,"column":77}}]},"68":{"type":"branch","line":262,"loc":{"start":{"line":262,"column":72},"end":{"line":262,"column":78}},"locations":[{"start":{"line":262,"column":72},"end":{"line":262,"column":78}}]},"69":{"type":"branch","line":265,"loc":{"start":{"line":265,"column":39},"end":{"line":265,"column":68}},"locations":[{"start":{"line":265,"column":39},"end":{"line":265,"column":68}}]},"70":{"type":"branch","line":265,"loc":{"start":{"line":265,"column":58},"end":{"line":265,"column":80}},"locations":[{"start":{"line":265,"column":58},"end":{"line":265,"column":80}}]},"71":{"type":"branch","line":266,"loc":{"start":{"line":266,"column":28},"end":{"line":266,"column":42}},"locations":[{"start":{"line":266,"column":28},"end":{"line":266,"column":42}}]},"72":{"type":"branch","line":270,"loc":{"start":{"line":270,"column":0},"end":{"line":275,"column":1}},"locations":[{"start":{"line":270,"column":0},"end":{"line":275,"column":1}}]},"73":{"type":"branch","line":273,"loc":{"start":{"line":273,"column":42},"end":{"line":273,"column":100}},"locations":[{"start":{"line":273,"column":42},"end":{"line":273,"column":100}}]},"74":{"type":"branch","line":277,"loc":{"start":{"line":277,"column":0},"end":{"line":284,"column":1}},"locations":[{"start":{"line":277,"column":0},"end":{"line":284,"column":1}}]},"75":{"type":"branch","line":281,"loc":{"start":{"line":281,"column":27},"end":{"line":281,"column":40}},"locations":[{"start":{"line":281,"column":27},"end":{"line":281,"column":40}}]},"76":{"type":"branch","line":282,"loc":{"start":{"line":282,"column":23},"end":{"line":282,"column":40}},"locations":[{"start":{"line":282,"column":23},"end":{"line":282,"column":40}}]},"77":{"type":"branch","line":287,"loc":{"start":{"line":287,"column":0},"end":{"line":294,"column":1}},"locations":[{"start":{"line":287,"column":0},"end":{"line":294,"column":1}}]},"78":{"type":"branch","line":289,"loc":{"start":{"line":289,"column":29},"end":{"line":289,"column":50}},"locations":[{"start":{"line":289,"column":29},"end":{"line":289,"column":50}}]},"79":{"type":"branch","line":291,"loc":{"start":{"line":291,"column":30},"end":{"line":291,"column":41}},"locations":[{"start":{"line":291,"column":30},"end":{"line":291,"column":41}}]},"80":{"type":"branch","line":292,"loc":{"start":{"line":292,"column":14},"end":{"line":294,"column":1}},"locations":[{"start":{"line":292,"column":14},"end":{"line":294,"column":1}}]},"81":{"type":"branch","line":292,"loc":{"start":{"line":292,"column":14},"end":{"line":292,"column":64}},"locations":[{"start":{"line":292,"column":14},"end":{"line":292,"column":64}}]},"82":{"type":"branch","line":288,"loc":{"start":{"line":288,"column":45},"end":{"line":288,"column":60}},"locations":[{"start":{"line":288,"column":45},"end":{"line":288,"column":60}}]}},"b":{"0":[7],"1":[7],"2":[25],"3":[17],"4":[16],"5":[1],"6":[16],"7":[0],"8":[5],"9":[4],"10":[1],"11":[4],"12":[2],"13":[0],"14":[1],"15":[0],"16":[2],"17":[2],"18":[0],"19":[3],"20":[2],"21":[32],"22":[0],"23":[2],"24":[1],"25":[31],"26":[31],"27":[6],"28":[5],"29":[1],"30":[30],"31":[25],"32":[21],"33":[25],"34":[1],"35":[24],"36":[22],"37":[4],"38":[21],"39":[29],"40":[32],"41":[29],"42":[21],"43":[3],"44":[0],"45":[0],"46":[20],"47":[20],"48":[0],"49":[18],"50":[15],"51":[8],"52":[0],"53":[0],"54":[0],"55":[15],"56":[8],"57":[0],"58":[0],"59":[9],"60":[8],"61":[8],"62":[9],"63":[8],"64":[0],"65":[0],"66":[4],"67":[3],"68":[0],"69":[2],"70":[1],"71":[1],"72":[2],"73":[0],"74":[2],"75":[0],"76":[0],"77":[3],"78":[0],"79":[1],"80":[2],"81":[1],"82":[4]},"fnMap":{"0":{"name":"<instance_members_initializer>","decl":{"start":{"line":14,"column":11},"end":{"line":14,"column":26}},"loc":{"start":{"line":14,"column":11},"end":{"line":14,"column":26}},"line":14},"1":{"name":"LLMError","decl":{"start":{"line":15,"column":2},"end":{"line":19,"column":3}},"loc":{"start":{"line":15,"column":2},"end":{"line":19,"column":3}},"line":15},"2":{"name":"buildRequest","decl":{"start":{"line":55,"column":4},"end":{"line":69,"column":6}},"loc":{"start":{"line":55,"column":4},"end":{"line":69,"column":6}},"line":55},"3":{"name":"extractText","decl":{"start":{"line":70,"column":17},"end":{"line":70,"column":106}},"loc":{"start":{"line":70,"column":17},"end":{"line":70,"column":106}},"line":70},"4":{"name":"extractError","decl":{"start":{"line":71,"column":18},"end":{"line":71,"column":71}},"loc":{"start":{"line":71,"column":18},"end":{"line":71,"column":71}},"line":71},"5":{"name":"buildRequest","decl":{"start":{"line":77,"column":4},"end":{"line":92,"column":6}},"loc":{"start":{"line":77,"column":4},"end":{"line":92,"column":6}},"line":77},"6":{"name":"extractText","decl":{"start":{"line":93,"column":17},"end":{"line":93,"column":64}},"loc":{"start":{"line":93,"column":17},"end":{"line":93,"column":64}},"line":93},"7":{"name":"extractError","decl":{"start":{"line":94,"column":18},"end":{"line":94,"column":71}},"loc":{"start":{"line":94,"column":18},"end":{"line":94,"column":71}},"line":94},"8":{"name":"buildRequest","decl":{"start":{"line":98,"column":4},"end":{"line":108,"column":6}},"loc":{"start":{"line":98,"column":4},"end":{"line":108,"column":6}},"line":98},"9":{"name":"extractText","decl":{"start":{"line":109,"column":17},"end":{"line":109,"column":114}},"loc":{"start":{"line":109,"column":17},"end":{"line":109,"column":114}},"line":109},"10":{"name":"extractError","decl":{"start":{"line":110,"column":18},"end":{"line":110,"column":71}},"loc":{"start":{"line":110,"column":18},"end":{"line":110,"column":71}},"line":110},"11":{"name":"callLLM","decl":{"start":{"line":114,"column":0},"end":{"line":137,"column":1}},"loc":{"start":{"line":114,"column":0},"end":{"line":137,"column":1}},"line":114},"12":{"name":"extractJson","decl":{"start":{"line":205,"column":7},"end":{"line":212,"column":1}},"loc":{"start":{"line":205,"column":7},"end":{"line":212,"column":1}},"line":205},"13":{"name":"callJson","decl":{"start":{"line":214,"column":0},"end":{"line":225,"column":1}},"loc":{"start":{"line":214,"column":0},"end":{"line":225,"column":1}},"line":214},"14":{"name":"transcript","decl":{"start":{"line":227,"column":0},"end":{"line":229,"column":1}},"loc":{"start":{"line":227,"column":0},"end":{"line":229,"column":1}},"line":227},"15":{"name":"generateStudySet","decl":{"start":{"line":236,"column":0},"end":{"line":257,"column":1}},"loc":{"start":{"line":236,"column":0},"end":{"line":257,"column":1}},"line":236},"16":{"name":"gradeAnswer","decl":{"start":{"line":259,"column":0},"end":{"line":268,"column":1}},"loc":{"start":{"line":259,"column":0},"end":{"line":268,"column":1}},"line":259},"17":{"name":"generateHypothetical","decl":{"start":{"line":270,"column":0},"end":{"line":275,"column":1}},"loc":{"start":{"line":270,"column":0},"end":{"line":275,"column":1}},"line":270},"18":{"name":"summarizeConversation","decl":{"start":{"line":277,"column":0},"end":{"line":284,"column":1}},"loc":{"start":{"line":277,"column":0},"end":{"line":284,"column":1}},"line":277},"19":{"name":"setBlurb","decl":{"start":{"line":287,"column":0},"end":{"line":294,"column":1}},"loc":{"start":{"line":287,"column":0},"end":{"line":294,"column":1}},"line":287}},"f":{"0":7,"1":7,"2":25,"3":17,"4":5,"5":4,"6":2,"7":1,"8":2,"9":2,"10":0,"11":32,"12":25,"13":29,"14":20,"15":18,"16":4,"17":2,"18":2,"19":3}}
,"C:\\Users\\s.jumamuratov\\Projects\\mafsar\\server\\src\\migrate.ts": {"path":"C:\\Users\\s.jumamuratov\\Projects\\mafsar\\server\\src\\migrate.ts","all":true,"statementMap":{"0":{"start":{"line":1,"column":0},"end":{"line":1,"column":47}},"1":{"start":{"line":2,"column":0},"end":{"line":2,"column":51}},"2":{"start":{"line":3,"column":0},"end":{"line":3,"column":42}},"4":{"start":{"line":5,"column":0},"end":{"line":5,"column":25}},"5":{"start":{"line":6,"column":0},"end":{"line":6,"column":67}},"6":{"start":{"line":7,"column":0},"end":{"line":7,"column":45}},"7":{"start":{"line":8,"column":0},"end":{"line":8,"column":58}},"8":{"start":{"line":9,"column":0},"end":{"line":9,"column":3}},"9":{"start":{"line":10,"column":0},"end":{"line":10,"column":1}},"11":{"start":{"line":12,"column":0},"end":{"line":12,"column":24}},"12":{"start":{"line":13,"column":0},"end":{"line":13,"column":34}}},"s":{"0":0,"1":0,"2":0,"4":0,"5":0,"6":0,"7":0,"8":0,"9":0,"11":0,"12":0},"branchMap":{"0":{"type":"branch","line":1,"loc":{"start":{"line":1,"column":0},"end":{"line":13,"column":-94}},"locations":[{"start":{"line":1,"column":0},"end":{"line":13,"column":-94}}]}},"b":{"0":[0]},"fnMap":{"0":{"name":"(empty-report)","decl":{"start":{"line":1,"column":0},"end":{"line":13,"column":-94}},"loc":{"start":{"line":1,"column":0},"end":{"line":13,"column":-94}},"line":1}},"f":{"0":0}}
,"C:\\Users\\s.jumamuratov\\Projects\\mafsar\\server\\src\\privacy.ts": {"path":"C:\\Users\\s.jumamuratov\\Projects\\mafsar\\server\\src\\privacy.ts","all":false,"statementMap":{"4":{"start":{"line":5,"column":0},"end":{"line":5,"column":44}}},"s":{"4":1},"branchMap":{},"b":{},"fnMap":{},"f":{}}
,"C:\\Users\\s.jumamuratov\\Projects\\mafsar\\server\\src\\schema.ts": {"path":"C:\\Users\\s.jumamuratov\\Projects\\mafsar\\server\\src\\schema.ts","all":false,"statementMap":{"0":{"start":{"line":1,"column":0},"end":{"line":1,"column":24}},"3":{"start":{"line":4,"column":0},"end":{"line":4,"column":40}},"4":{"start":{"line":5,"column":0},"end":{"line":5,"column":28}},"5":{"start":{"line":6,"column":0},"end":{"line":6,"column":30}},"6":{"start":{"line":7,"column":0},"end":{"line":7,"column":3}},"8":{"start":{"line":9,"column":0},"end":{"line":9,"column":42}},"10":{"start":{"line":11,"column":0},"end":{"line":11,"column":35}},"11":{"start":{"line":12,"column":0},"end":{"line":12,"column":24}},"12":{"start":{"line":13,"column":0},"end":{"line":13,"column":27}},"13":{"start":{"line":14,"column":0},"end":{"line":14,"column":43}},"14":{"start":{"line":15,"column":0},"end":{"line":15,"column":48}},"15":{"start":{"line":16,"column":0},"end":{"line":16,"column":38}},"16":{"start":{"line":17,"column":0},"end":{"line":17,"column":45}},"17":{"start":{"line":18,"column":0},"end":{"line":18,"column":24}},"18":{"start":{"line":19,"column":0},"end":{"line":19,"column":24}},"19":{"start":{"line":20,"column":0},"end":{"line":20,"column":34}},"20":{"start":{"line":21,"column":0},"end":{"line":21,"column":3}},"22":{"start":{"line":23,"column":0},"end":{"line":23,"column":36}},"23":{"start":{"line":24,"column":0},"end":{"line":24,"column":24}},"24":{"start":{"line":25,"column":0},"end":{"line":25,"column":27}},"25":{"start":{"line":26,"column":0},"end":{"line":26,"column":20}},"26":{"start":{"line":27,"column":0},"end":{"line":27,"column":19}},"27":{"start":{"line":28,"column":0},"end":{"line":28,"column":36}},"28":{"start":{"line":29,"column":0},"end":{"line":29,"column":34}},"29":{"start":{"line":30,"column":0},"end":{"line":30,"column":43}},"30":{"start":{"line":31,"column":0},"end":{"line":31,"column":44}},"31":{"start":{"line":32,"column":0},"end":{"line":32,"column":24}},"32":{"start":{"line":33,"column":0},"end":{"line":33,"column":34}},"33":{"start":{"line":34,"column":0},"end":{"line":34,"column":3}},"35":{"start":{"line":36,"column":0},"end":{"line":36,"column":36}},"36":{"start":{"line":37,"column":0},"end":{"line":37,"column":24}},"37":{"start":{"line":38,"column":0},"end":{"line":38,"column":27}},"38":{"start":{"line":39,"column":0},"end":{"line":39,"column":16}},"39":{"start":{"line":40,"column":0},"end":{"line":40,"column":38}},"40":{"start":{"line":41,"column":0},"end":{"line":41,"column":34}},"41":{"start":{"line":42,"column":0},"end":{"line":42,"column":44}},"42":{"start":{"line":43,"column":0},"end":{"line":43,"column":24}},"43":{"start":{"line":44,"column":0},"end":{"line":44,"column":34}},"44":{"start":{"line":45,"column":0},"end":{"line":45,"column":3}},"46":{"start":{"line":47,"column":0},"end":{"line":47,"column":40}},"47":{"start":{"line":48,"column":0},"end":{"line":48,"column":47}},"48":{"start":{"line":49,"column":0},"end":{"line":49,"column":33}},"49":{"start":{"line":50,"column":0},"end":{"line":50,"column":3}},"51":{"start":{"line":52,"column":0},"end":{"line":52,"column":38}},"52":{"start":{"line":53,"column":0},"end":{"line":53,"column":24}},"53":{"start":{"line":54,"column":0},"end":{"line":54,"column":28}},"54":{"start":{"line":55,"column":0},"end":{"line":55,"column":40}},"55":{"start":{"line":56,"column":0},"end":{"line":56,"column":38}},"56":{"start":{"line":57,"column":0},"end":{"line":57,"column":37}},"57":{"start":{"line":58,"column":0},"end":{"line":58,"column":25}},"58":{"start":{"line":59,"column":0},"end":{"line":59,"column":3}},"60":{"start":{"line":61,"column":0},"end":{"line":61,"column":36}},"61":{"start":{"line":62,"column":0},"end":{"line":62,"column":31}},"62":{"start":{"line":63,"column":0},"end":{"line":63,"column":39}},"63":{"start":{"line":64,"column":0},"end":{"line":64,"column":41}},"64":{"start":{"line":65,"column":0},"end":{"line":65,"column":40}},"65":{"start":{"line":66,"column":0},"end":{"line":66,"column":48}},"66":{"start":{"line":67,"column":0},"end":{"line":67,"column":45}},"67":{"start":{"line":68,"column":0},"end":{"line":68,"column":3}},"72":{"start":{"line":73,"column":0},"end":{"line":73,"column":39}},"73":{"start":{"line":74,"column":0},"end":{"line":74,"column":38}},"74":{"start":{"line":75,"column":0},"end":{"line":75,"column":26}},"75":{"start":{"line":76,"column":0},"end":{"line":76,"column":3}},"77":{"start":{"line":78,"column":0},"end":{"line":78,"column":40}},"78":{"start":{"line":79,"column":0},"end":{"line":79,"column":42}},"79":{"start":{"line":80,"column":0},"end":{"line":80,"column":31}},"80":{"start":{"line":81,"column":0},"end":{"line":81,"column":3}},"82":{"start":{"line":83,"column":0},"end":{"line":83,"column":37}},"83":{"start":{"line":84,"column":0},"end":{"line":84,"column":30}},"84":{"start":{"line":85,"column":0},"end":{"line":85,"column":31}},"85":{"start":{"line":86,"column":0},"end":{"line":86,"column":28}},"86":{"start":{"line":87,"column":0},"end":{"line":87,"column":3}},"88":{"start":{"line":89,"column":0},"end":{"line":89,"column":44}},"89":{"start":{"line":90,"column":0},"end":{"line":90,"column":29}},"90":{"start":{"line":91,"column":0},"end":{"line":91,"column":31}},"91":{"start":{"line":92,"column":0},"end":{"line":92,"column":3}},"93":{"start":{"line":94,"column":0},"end":{"line":94,"column":41}},"94":{"start":{"line":95,"column":0},"end":{"line":95,"column":42}},"95":{"start":{"line":96,"column":0},"end":{"line":96,"column":3}},"97":{"start":{"line":98,"column":0},"end":{"line":98,"column":37}},"98":{"start":{"line":99,"column":0},"end":{"line":99,"column":32}},"99":{"start":{"line":100,"column":0},"end":{"line":100,"column":41}},"100":{"start":{"line":101,"column":0},"end":{"line":101,"column":3}}},"s":{"0":1,"3":1,"4":1,"5":1,"6":1,"8":1,"10":1,"11":1,"12":1,"13":1,"14":1,"15":1,"16":1,"17":1,"18":1,"19":1,"20":1,"22":1,"23":1,"24":1,"25":1,"26":1,"27":1,"28":1,"29":1,"30":1,"31":1,"32":1,"33":1,"35":1,"36":1,"37":1,"38":1,"39":1,"40":1,"41":1,"42":1,"43":1,"44":1,"46":1,"47":1,"48":1,"49":1,"51":1,"52":1,"53":1,"54":1,"55":1,"56":1,"57":1,"58":1,"60":1,"61":1,"62":1,"63":1,"64":1,"65":1,"66":1,"67":1,"72":1,"73":1,"74":1,"75":1,"77":1,"78":1,"79":1,"80":1,"82":1,"83":1,"84":1,"85":1,"86":1,"88":1,"89":1,"90":1,"91":1,"93":1,"94":1,"95":1,"97":1,"98":1,"99":1,"100":1},"branchMap":{},"b":{},"fnMap":{},"f":{}}
,"C:\\Users\\s.jumamuratov\\Projects\\mafsar\\server\\src\\sync.ts": {"path":"C:\\Users\\s.jumamuratov\\Projects\\mafsar\\server\\src\\sync.ts","all":false,"statementMap":{"0":{"start":{"line":1,"column":0},"end":{"line":1,"column":34}},"15":{"start":{"line":16,"column":0},"end":{"line":16,"column":78}},"16":{"start":{"line":17,"column":0},"end":{"line":17,"column":27}},"17":{"start":{"line":18,"column":0},"end":{"line":18,"column":49}},"18":{"start":{"line":19,"column":0},"end":{"line":19,"column":1}},"30":{"start":{"line":31,"column":0},"end":{"line":31,"column":88}},"31":{"start":{"line":32,"column":0},"end":{"line":32,"column":30}},"32":{"start":{"line":33,"column":0},"end":{"line":33,"column":34}},"33":{"start":{"line":34,"column":0},"end":{"line":34,"column":84}},"34":{"start":{"line":35,"column":0},"end":{"line":35,"column":6}},"35":{"start":{"line":36,"column":0},"end":{"line":36,"column":68}},"36":{"start":{"line":37,"column":0},"end":{"line":37,"column":14}},"37":{"start":{"line":38,"column":0},"end":{"line":38,"column":9}},"38":{"start":{"line":39,"column":0},"end":{"line":39,"column":116}},"44":{"start":{"line":45,"column":0},"end":{"line":45,"column":70}},"45":{"start":{"line":46,"column":0},"end":{"line":46,"column":92}},"46":{"start":{"line":47,"column":0},"end":{"line":47,"column":6}},"47":{"start":{"line":48,"column":0},"end":{"line":48,"column":3}},"51":{"start":{"line":52,"column":0},"end":{"line":52,"column":31}},"52":{"start":{"line":53,"column":0},"end":{"line":53,"column":14}},"53":{"start":{"line":54,"column":0},"end":{"line":54,"column":9}},"54":{"start":{"line":55,"column":0},"end":{"line":55,"column":117}},"55":{"start":{"line":56,"column":0},"end":{"line":56,"column":49}},"56":{"start":{"line":57,"column":0},"end":{"line":57,"column":6}},"57":{"start":{"line":58,"column":0},"end":{"line":58,"column":34}},"58":{"start":{"line":59,"column":0},"end":{"line":59,"column":85}},"59":{"start":{"line":60,"column":0},"end":{"line":60,"column":6}},"60":{"start":{"line":61,"column":0},"end":{"line":61,"column":68}},"61":{"start":{"line":62,"column":0},"end":{"line":62,"column":14}},"62":{"start":{"line":63,"column":0},"end":{"line":63,"column":9}},"63":{"start":{"line":64,"column":0},"end":{"line":64,"column":123}},"69":{"start":{"line":70,"column":0},"end":{"line":70,"column":82}},"70":{"start":{"line":71,"column":0},"end":{"line":71,"column":77}},"71":{"start":{"line":72,"column":0},"end":{"line":72,"column":6}},"72":{"start":{"line":73,"column":0},"end":{"line":73,"column":3}},"74":{"start":{"line":75,"column":0},"end":{"line":75,"column":30}},"75":{"start":{"line":76,"column":0},"end":{"line":76,"column":14}},"76":{"start":{"line":77,"column":0},"end":{"line":77,"column":9}},"77":{"start":{"line":78,"column":0},"end":{"line":78,"column":117}},"78":{"start":{"line":79,"column":0},"end":{"line":79,"column":49}},"79":{"start":{"line":80,"column":0},"end":{"line":80,"column":6}},"80":{"start":{"line":81,"column":0},"end":{"line":81,"column":34}},"81":{"start":{"line":82,"column":0},"end":{"line":82,"column":84}},"82":{"start":{"line":83,"column":0},"end":{"line":83,"column":6}},"83":{"start":{"line":84,"column":0},"end":{"line":84,"column":68}},"84":{"start":{"line":85,"column":0},"end":{"line":85,"column":14}},"85":{"start":{"line":86,"column":0},"end":{"line":86,"column":9}},"86":{"start":{"line":87,"column":0},"end":{"line":87,"column":107}},"91":{"start":{"line":92,"column":0},"end":{"line":92,"column":71}},"92":{"start":{"line":93,"column":0},"end":{"line":93,"column":57}},"93":{"start":{"line":94,"column":0},"end":{"line":94,"column":6}},"94":{"start":{"line":95,"column":0},"end":{"line":95,"column":3}},"98":{"start":{"line":99,"column":0},"end":{"line":99,"column":34}},"99":{"start":{"line":100,"column":0},"end":{"line":100,"column":14}},"100":{"start":{"line":101,"column":0},"end":{"line":101,"column":9}},"101":{"start":{"line":102,"column":0},"end":{"line":102,"column":66}},"103":{"start":{"line":104,"column":0},"end":{"line":104,"column":30}},"104":{"start":{"line":105,"column":0},"end":{"line":105,"column":6}},"105":{"start":{"line":106,"column":0},"end":{"line":106,"column":3}},"108":{"start":{"line":109,"column":0},"end":{"line":109,"column":33}},"109":{"start":{"line":110,"column":0},"end":{"line":110,"column":14}},"110":{"start":{"line":111,"column":0},"end":{"line":111,"column":9}},"111":{"start":{"line":112,"column":0},"end":{"line":112,"column":111}},"113":{"start":{"line":114,"column":0},"end":{"line":114,"column":94}},"114":{"start":{"line":115,"column":0},"end":{"line":115,"column":6}},"115":{"start":{"line":116,"column":0},"end":{"line":116,"column":3}},"116":{"start":{"line":117,"column":0},"end":{"line":117,"column":1}},"119":{"start":{"line":120,"column":0},"end":{"line":120,"column":76}},"120":{"start":{"line":121,"column":0},"end":{"line":121,"column":61}},"121":{"start":{"line":122,"column":0},"end":{"line":122,"column":31}},"122":{"start":{"line":123,"column":0},"end":{"line":123,"column":91}},"123":{"start":{"line":124,"column":0},"end":{"line":124,"column":18}},"124":{"start":{"line":125,"column":0},"end":{"line":125,"column":76}},"125":{"start":{"line":126,"column":0},"end":{"line":126,"column":65}},"126":{"start":{"line":127,"column":0},"end":{"line":127,"column":50}},"127":{"start":{"line":128,"column":0},"end":{"line":128,"column":6}},"128":{"start":{"line":129,"column":0},"end":{"line":129,"column":32}},"129":{"start":{"line":130,"column":0},"end":{"line":130,"column":92}},"130":{"start":{"line":131,"column":0},"end":{"line":131,"column":18}},"131":{"start":{"line":132,"column":0},"end":{"line":132,"column":60}},"132":{"start":{"line":133,"column":0},"end":{"line":133,"column":75}},"136":{"start":{"line":137,"column":0},"end":{"line":137,"column":60}},"137":{"start":{"line":138,"column":0},"end":{"line":138,"column":50}},"138":{"start":{"line":139,"column":0},"end":{"line":139,"column":6}},"139":{"start":{"line":140,"column":0},"end":{"line":140,"column":31}},"140":{"start":{"line":141,"column":0},"end":{"line":141,"column":91}},"141":{"start":{"line":142,"column":0},"end":{"line":142,"column":18}},"142":{"start":{"line":143,"column":0},"end":{"line":143,"column":82}},"143":{"start":{"line":144,"column":0},"end":{"line":144,"column":66}},"144":{"start":{"line":145,"column":0},"end":{"line":145,"column":25}},"145":{"start":{"line":146,"column":0},"end":{"line":146,"column":6}},"146":{"start":{"line":147,"column":0},"end":{"line":147,"column":61}},"147":{"start":{"line":148,"column":0},"end":{"line":148,"column":69}},"148":{"start":{"line":149,"column":0},"end":{"line":149,"column":4}},"149":{"start":{"line":150,"column":0},"end":{"line":150,"column":34}},"150":{"start":{"line":151,"column":0},"end":{"line":151,"column":98}},"151":{"start":{"line":152,"column":0},"end":{"line":152,"column":18}},"152":{"start":{"line":153,"column":0},"end":{"line":153,"column":48}},"153":{"start":{"line":154,"column":0},"end":{"line":154,"column":63}},"154":{"start":{"line":155,"column":0},"end":{"line":155,"column":30}},"155":{"start":{"line":156,"column":0},"end":{"line":156,"column":6}},"156":{"start":{"line":157,"column":0},"end":{"line":157,"column":50}},"157":{"start":{"line":158,"column":0},"end":{"line":158,"column":1}}},"s":{"0":1,"15":1,"16":51,"17":16,"18":16,"30":50,"31":50,"32":19,"33":19,"34":19,"35":19,"36":16,"37":16,"38":16,"44":19,"45":19,"46":19,"47":16,"51":50,"52":15,"53":15,"54":15,"55":15,"56":15,"57":15,"58":15,"59":15,"60":15,"61":13,"62":13,"63":13,"69":15,"70":15,"71":15,"72":13,"74":50,"75":7,"76":7,"77":7,"78":7,"79":7,"80":7,"81":7,"82":7,"83":7,"84":6,"85":6,"86":6,"91":6,"92":7,"93":7,"94":6,"98":50,"99":9,"100":9,"101":9,"103":9,"104":9,"105":9,"108":50,"109":3,"110":3,"111":3,"113":3,"114":3,"115":3,"116":50,"119":39,"120":39,"121":39,"122":39,"123":39,"124":23,"125":23,"126":23,"127":39,"128":39,"129":39,"130":39,"131":12,"132":12,"136":12,"137":12,"138":39,"139":39,"140":39,"141":39,"142":4,"143":4,"144":4,"145":39,"146":39,"147":39,"148":39,"149":39,"150":39,"151":39,"152":1,"153":1,"154":1,"155":39,"156":39,"157":39},"branchMap":{"0":{"type":"branch","line":16,"loc":{"start":{"line":16,"column":7},"end":{"line":19,"column":1}},"locations":[{"start":{"line":16,"column":7},"end":{"line":19,"column":1}}]},"1":{"type":"branch","line":17,"loc":{"start":{"line":17,"column":15},"end":{"line":17,"column":27}},"locations":[{"start":{"line":17,"column":15},"end":{"line":17,"column":27}}]},"2":{"type":"branch","line":17,"loc":{"start":{"line":17,"column":22},"end":{"line":19,"column":1}},"locations":[{"start":{"line":17,"column":22},"end":{"line":19,"column":1}}]},"3":{"type":"branch","line":31,"loc":{"start":{"line":31,"column":0},"end":{"line":117,"column":1}},"locations":[{"start":{"line":31,"column":0},"end":{"line":117,"column":1}}]},"4":{"type":"branch","line":32,"loc":{"start":{"line":32,"column":29},"end":{"line":48,"column":3}},"locations":[{"start":{"line":32,"column":29},"end":{"line":48,"column":3}}]},"5":{"type":"branch","line":36,"loc":{"start":{"line":36,"column":59},"end":{"line":36,"column":68}},"locations":[{"start":{"line":36,"column":59},"end":{"line":36,"column":68}}]},"6":{"type":"branch","line":36,"loc":{"start":{"line":36,"column":59},"end":{"line":45,"column":48}},"locations":[{"start":{"line":36,"column":59},"end":{"line":45,"column":48}}]},"7":{"type":"branch","line":45,"loc":{"start":{"line":45,"column":50},"end":{"line":45,"column":70}},"locations":[{"start":{"line":45,"column":50},"end":{"line":45,"column":70}}]},"8":{"type":"branch","line":46,"loc":{"start":{"line":46,"column":9},"end":{"line":46,"column":28}},"locations":[{"start":{"line":46,"column":9},"end":{"line":46,"column":28}}]},"9":{"type":"branch","line":46,"loc":{"start":{"line":46,"column":30},"end":{"line":46,"column":48}},"locations":[{"start":{"line":46,"column":30},"end":{"line":46,"column":48}}]},"10":{"type":"branch","line":46,"loc":{"start":{"line":46,"column":76},"end":{"line":46,"column":90}},"locations":[{"start":{"line":46,"column":76},"end":{"line":46,"column":90}}]},"11":{"type":"branch","line":46,"loc":{"start":{"line":46,"column":86},"end":{"line":46,"column":91}},"locations":[{"start":{"line":46,"column":86},"end":{"line":46,"column":91}}]},"12":{"type":"branch","line":47,"loc":{"start":{"line":47,"column":4},"end":{"line":48,"column":3}},"locations":[{"start":{"line":47,"column":4},"end":{"line":48,"column":3}}]},"13":{"type":"branch","line":52,"loc":{"start":{"line":52,"column":30},"end":{"line":73,"column":3}},"locations":[{"start":{"line":52,"column":30},"end":{"line":73,"column":3}}]},"14":{"type":"branch","line":61,"loc":{"start":{"line":61,"column":59},"end":{"line":61,"column":68}},"locations":[{"start":{"line":61,"column":59},"end":{"line":61,"column":68}}]},"15":{"type":"branch","line":61,"loc":{"start":{"line":61,"column":59},"end":{"line":70,"column":61}},"locations":[{"start":{"line":61,"column":59},"end":{"line":70,"column":61}}]},"16":{"type":"branch","line":70,"loc":{"start":{"line":70,"column":49},"end":{"line":70,"column":66}},"locations":[{"start":{"line":70,"column":49},"end":{"line":70,"column":66}}]},"17":{"type":"branch","line":70,"loc":{"start":{"line":70,"column":68},"end":{"line":70,"column":82}},"locations":[{"start":{"line":70,"column":68},"end":{"line":70,"column":82}}]},"18":{"type":"branch","line":71,"loc":{"start":{"line":71,"column":9},"end":{"line":71,"column":27}},"locations":[{"start":{"line":71,"column":9},"end":{"line":71,"column":27}}]},"19":{"type":"branch","line":71,"loc":{"start":{"line":71,"column":29},"end":{"line":71,"column":46}},"locations":[{"start":{"line":71,"column":29},"end":{"line":71,"column":46}}]},"20":{"type":"branch","line":71,"loc":{"start":{"line":71,"column":61},"end":{"line":71,"column":75}},"locations":[{"start":{"line":71,"column":61},"end":{"line":71,"column":75}}]},"21":{"type":"branch","line":71,"loc":{"start":{"line":71,"column":71},"end":{"line":71,"column":76}},"locations":[{"start":{"line":71,"column":71},"end":{"line":71,"column":76}}]},"22":{"type":"branch","line":72,"loc":{"start":{"line":72,"column":4},"end":{"line":73,"column":3}},"locations":[{"start":{"line":72,"column":4},"end":{"line":73,"column":3}}]},"23":{"type":"branch","line":75,"loc":{"start":{"line":75,"column":29},"end":{"line":95,"column":3}},"locations":[{"start":{"line":75,"column":29},"end":{"line":95,"column":3}}]},"24":{"type":"branch","line":84,"loc":{"start":{"line":84,"column":59},"end":{"line":84,"column":68}},"locations":[{"start":{"line":84,"column":59},"end":{"line":84,"column":68}}]},"25":{"type":"branch","line":84,"loc":{"start":{"line":84,"column":59},"end":{"line":93,"column":20}},"locations":[{"start":{"line":84,"column":59},"end":{"line":93,"column":20}}]},"26":{"type":"branch","line":93,"loc":{"start":{"line":93,"column":9},"end":{"line":93,"column":26}},"locations":[{"start":{"line":93,"column":9},"end":{"line":93,"column":26}}]},"27":{"type":"branch","line":93,"loc":{"start":{"line":93,"column":41},"end":{"line":93,"column":55}},"locations":[{"start":{"line":93,"column":41},"end":{"line":93,"column":55}}]},"28":{"type":"branch","line":93,"loc":{"start":{"line":93,"column":51},"end":{"line":93,"column":56}},"locations":[{"start":{"line":93,"column":51},"end":{"line":93,"column":56}}]},"29":{"type":"branch","line":94,"loc":{"start":{"line":94,"column":4},"end":{"line":95,"column":3}},"locations":[{"start":{"line":94,"column":4},"end":{"line":95,"column":3}}]},"30":{"type":"branch","line":99,"loc":{"start":{"line":99,"column":33},"end":{"line":106,"column":3}},"locations":[{"start":{"line":99,"column":33},"end":{"line":106,"column":3}}]},"31":{"type":"branch","line":109,"loc":{"start":{"line":109,"column":32},"end":{"line":116,"column":3}},"locations":[{"start":{"line":109,"column":32},"end":{"line":116,"column":3}}]},"32":{"type":"branch","line":114,"loc":{"start":{"line":114,"column":42},"end":{"line":114,"column":61}},"locations":[{"start":{"line":114,"column":42},"end":{"line":114,"column":61}}]},"33":{"type":"branch","line":114,"loc":{"start":{"line":114,"column":63},"end":{"line":114,"column":81}},"locations":[{"start":{"line":114,"column":63},"end":{"line":114,"column":81}}]},"34":{"type":"branch","line":120,"loc":{"start":{"line":120,"column":0},"end":{"line":158,"column":1}},"locations":[{"start":{"line":120,"column":0},"end":{"line":158,"column":1}}]},"35":{"type":"branch","line":121,"loc":{"start":{"line":121,"column":25},"end":{"line":121,"column":61}},"locations":[{"start":{"line":121,"column":25},"end":{"line":121,"column":61}}]},"36":{"type":"branch","line":124,"loc":{"start":{"line":124,"column":9},"end":{"line":128,"column":4}},"locations":[{"start":{"line":124,"column":9},"end":{"line":128,"column":4}}]},"37":{"type":"branch","line":131,"loc":{"start":{"line":131,"column":9},"end":{"line":139,"column":4}},"locations":[{"start":{"line":131,"column":9},"end":{"line":139,"column":4}}]},"38":{"type":"branch","line":137,"loc":{"start":{"line":137,"column":27},"end":{"line":137,"column":41}},"locations":[{"start":{"line":137,"column":27},"end":{"line":137,"column":41}}]},"39":{"type":"branch","line":137,"loc":{"start":{"line":137,"column":34},"end":{"line":137,"column":60}},"locations":[{"start":{"line":137,"column":34},"end":{"line":137,"column":60}}]},"40":{"type":"branch","line":142,"loc":{"start":{"line":142,"column":9},"end":{"line":146,"column":4}},"locations":[{"start":{"line":142,"column":9},"end":{"line":146,"column":4}}]},"41":{"type":"branch","line":152,"loc":{"start":{"line":152,"column":9},"end":{"line":156,"column":4}},"locations":[{"start":{"line":152,"column":9},"end":{"line":156,"column":4}}]}},"b":{"0":[51],"1":[35],"2":[16],"3":[50],"4":[19],"5":[3],"6":[16],"7":[16],"8":[13],"9":[16],"10":[1],"11":[15],"12":[16],"13":[15],"14":[2],"15":[13],"16":[3],"17":[3],"18":[3],"19":[12],"20":[1],"21":[12],"22":[13],"23":[7],"24":[1],"25":[6],"26":[2],"27":[0],"28":[6],"29":[6],"30":[9],"31":[3],"32":[2],"33":[2],"34":[39],"35":[33],"36":[23],"37":[12],"38":[11],"39":[1],"40":[4],"41":[1]},"fnMap":{"0":{"name":"shouldWrite","decl":{"start":{"line":16,"column":7},"end":{"line":19,"column":1}},"loc":{"start":{"line":16,"column":7},"end":{"line":19,"column":1}},"line":16},"1":{"name":"applySync","decl":{"start":{"line":31,"column":0},"end":{"line":117,"column":1}},"loc":{"start":{"line":31,"column":0},"end":{"line":117,"column":1}},"line":31},"2":{"name":"changesSince","decl":{"start":{"line":120,"column":0},"end":{"line":158,"column":1}},"loc":{"start":{"line":120,"column":0},"end":{"line":158,"column":1}},"line":120}},"f":{"0":51,"1":50,"2":39}}
}
